[2024-02-15T11:35:22.242+0000] {processor.py:157} INFO - Started process (PID=63) to work on /home/airflow/.local/lib/python3.8/site-packages/airflow/example_dags/example_branch_day_of_week_operator.py
[2024-02-15T11:35:22.243+0000] {processor.py:829} INFO - Processing file /home/airflow/.local/lib/python3.8/site-packages/airflow/example_dags/example_branch_day_of_week_operator.py for tasks to queue
[2024-02-15T11:35:22.245+0000] {logging_mixin.py:151} INFO - [2024-02-15T11:35:22.245+0000] {dagbag.py:539} INFO - Filling up the DagBag from /home/airflow/.local/lib/python3.8/site-packages/airflow/example_dags/example_branch_day_of_week_operator.py
[2024-02-15T11:35:22.253+0000] {processor.py:839} INFO - DAG(s) dict_keys(['example_weekday_branch_operator']) retrieved from /home/airflow/.local/lib/python3.8/site-packages/airflow/example_dags/example_branch_day_of_week_operator.py
[2024-02-15T11:35:22.264+0000] {logging_mixin.py:151} INFO - [2024-02-15T11:35:22.264+0000] {dag.py:2907} INFO - Sync 1 DAGs
[2024-02-15T11:35:22.374+0000] {logging_mixin.py:151} INFO - [2024-02-15T11:35:22.374+0000] {dag.py:3677} INFO - Setting next_dagrun for example_weekday_branch_operator to 2024-02-14T00:00:00+00:00, run_after=2024-02-15T00:00:00+00:00
[2024-02-15T11:35:22.382+0000] {processor.py:179} INFO - Processing /home/airflow/.local/lib/python3.8/site-packages/airflow/example_dags/example_branch_day_of_week_operator.py took 0.143 seconds
[2024-02-15T11:35:52.851+0000] {processor.py:157} INFO - Started process (PID=116) to work on /home/airflow/.local/lib/python3.8/site-packages/airflow/example_dags/example_branch_day_of_week_operator.py
[2024-02-15T11:35:52.852+0000] {processor.py:829} INFO - Processing file /home/airflow/.local/lib/python3.8/site-packages/airflow/example_dags/example_branch_day_of_week_operator.py for tasks to queue
[2024-02-15T11:35:52.854+0000] {logging_mixin.py:151} INFO - [2024-02-15T11:35:52.853+0000] {dagbag.py:539} INFO - Filling up the DagBag from /home/airflow/.local/lib/python3.8/site-packages/airflow/example_dags/example_branch_day_of_week_operator.py
[2024-02-15T11:35:52.860+0000] {processor.py:839} INFO - DAG(s) dict_keys(['example_weekday_branch_operator']) retrieved from /home/airflow/.local/lib/python3.8/site-packages/airflow/example_dags/example_branch_day_of_week_operator.py
[2024-02-15T11:35:52.875+0000] {logging_mixin.py:151} INFO - [2024-02-15T11:35:52.875+0000] {dag.py:2907} INFO - Sync 1 DAGs
[2024-02-15T11:35:52.891+0000] {logging_mixin.py:151} INFO - [2024-02-15T11:35:52.891+0000] {dag.py:3677} INFO - Setting next_dagrun for example_weekday_branch_operator to 2024-02-14T00:00:00+00:00, run_after=2024-02-15T00:00:00+00:00
[2024-02-15T11:35:52.904+0000] {processor.py:179} INFO - Processing /home/airflow/.local/lib/python3.8/site-packages/airflow/example_dags/example_branch_day_of_week_operator.py took 0.056 seconds
[2024-02-15T11:36:23.191+0000] {processor.py:157} INFO - Started process (PID=169) to work on /home/airflow/.local/lib/python3.8/site-packages/airflow/example_dags/example_branch_day_of_week_operator.py
[2024-02-15T11:36:23.192+0000] {processor.py:829} INFO - Processing file /home/airflow/.local/lib/python3.8/site-packages/airflow/example_dags/example_branch_day_of_week_operator.py for tasks to queue
[2024-02-15T11:36:23.194+0000] {logging_mixin.py:151} INFO - [2024-02-15T11:36:23.194+0000] {dagbag.py:539} INFO - Filling up the DagBag from /home/airflow/.local/lib/python3.8/site-packages/airflow/example_dags/example_branch_day_of_week_operator.py
[2024-02-15T11:36:23.200+0000] {processor.py:839} INFO - DAG(s) dict_keys(['example_weekday_branch_operator']) retrieved from /home/airflow/.local/lib/python3.8/site-packages/airflow/example_dags/example_branch_day_of_week_operator.py
[2024-02-15T11:36:23.218+0000] {logging_mixin.py:151} INFO - [2024-02-15T11:36:23.218+0000] {dag.py:2907} INFO - Sync 1 DAGs
[2024-02-15T11:36:23.230+0000] {logging_mixin.py:151} INFO - [2024-02-15T11:36:23.230+0000] {dag.py:3677} INFO - Setting next_dagrun for example_weekday_branch_operator to 2024-02-14T00:00:00+00:00, run_after=2024-02-15T00:00:00+00:00
[2024-02-15T11:36:23.239+0000] {processor.py:179} INFO - Processing /home/airflow/.local/lib/python3.8/site-packages/airflow/example_dags/example_branch_day_of_week_operator.py took 0.051 seconds
