[2024-02-15T11:35:18.611+0000] {processor.py:157} INFO - Started process (PID=47) to work on /home/airflow/.local/lib/python3.8/site-packages/airflow/example_dags/example_short_circuit_decorator.py
[2024-02-15T11:35:18.613+0000] {processor.py:829} INFO - Processing file /home/airflow/.local/lib/python3.8/site-packages/airflow/example_dags/example_short_circuit_decorator.py for tasks to queue
[2024-02-15T11:35:18.615+0000] {logging_mixin.py:151} INFO - [2024-02-15T11:35:18.615+0000] {dagbag.py:539} INFO - Filling up the DagBag from /home/airflow/.local/lib/python3.8/site-packages/airflow/example_dags/example_short_circuit_decorator.py
[2024-02-15T11:35:18.623+0000] {processor.py:839} INFO - DAG(s) dict_keys(['example_short_circuit_decorator']) retrieved from /home/airflow/.local/lib/python3.8/site-packages/airflow/example_dags/example_short_circuit_decorator.py
[2024-02-15T11:35:18.649+0000] {logging_mixin.py:151} INFO - [2024-02-15T11:35:18.649+0000] {dag.py:2907} INFO - Sync 1 DAGs
[2024-02-15T11:35:18.776+0000] {logging_mixin.py:151} INFO - [2024-02-15T11:35:18.776+0000] {dag.py:3677} INFO - Setting next_dagrun for example_short_circuit_decorator to 2024-02-14T11:35:18.775848+00:00, run_after=2024-02-15T11:35:18.775848+00:00
[2024-02-15T11:35:18.786+0000] {processor.py:179} INFO - Processing /home/airflow/.local/lib/python3.8/site-packages/airflow/example_dags/example_short_circuit_decorator.py took 0.178 seconds
[2024-02-15T11:35:49.415+0000] {processor.py:157} INFO - Started process (PID=100) to work on /home/airflow/.local/lib/python3.8/site-packages/airflow/example_dags/example_short_circuit_decorator.py
[2024-02-15T11:35:49.416+0000] {processor.py:829} INFO - Processing file /home/airflow/.local/lib/python3.8/site-packages/airflow/example_dags/example_short_circuit_decorator.py for tasks to queue
[2024-02-15T11:35:49.418+0000] {logging_mixin.py:151} INFO - [2024-02-15T11:35:49.418+0000] {dagbag.py:539} INFO - Filling up the DagBag from /home/airflow/.local/lib/python3.8/site-packages/airflow/example_dags/example_short_circuit_decorator.py
[2024-02-15T11:35:49.424+0000] {processor.py:839} INFO - DAG(s) dict_keys(['example_short_circuit_decorator']) retrieved from /home/airflow/.local/lib/python3.8/site-packages/airflow/example_dags/example_short_circuit_decorator.py
[2024-02-15T11:35:49.456+0000] {logging_mixin.py:151} INFO - [2024-02-15T11:35:49.456+0000] {dag.py:2907} INFO - Sync 1 DAGs
[2024-02-15T11:35:49.476+0000] {logging_mixin.py:151} INFO - [2024-02-15T11:35:49.475+0000] {dag.py:3677} INFO - Setting next_dagrun for example_short_circuit_decorator to 2024-02-14T11:35:49.475706+00:00, run_after=2024-02-15T11:35:49.475706+00:00
[2024-02-15T11:35:49.490+0000] {processor.py:179} INFO - Processing /home/airflow/.local/lib/python3.8/site-packages/airflow/example_dags/example_short_circuit_decorator.py took 0.078 seconds
[2024-02-15T11:36:20.407+0000] {processor.py:157} INFO - Started process (PID=153) to work on /home/airflow/.local/lib/python3.8/site-packages/airflow/example_dags/example_short_circuit_decorator.py
[2024-02-15T11:36:20.409+0000] {processor.py:829} INFO - Processing file /home/airflow/.local/lib/python3.8/site-packages/airflow/example_dags/example_short_circuit_decorator.py for tasks to queue
[2024-02-15T11:36:20.411+0000] {logging_mixin.py:151} INFO - [2024-02-15T11:36:20.411+0000] {dagbag.py:539} INFO - Filling up the DagBag from /home/airflow/.local/lib/python3.8/site-packages/airflow/example_dags/example_short_circuit_decorator.py
[2024-02-15T11:36:20.416+0000] {processor.py:839} INFO - DAG(s) dict_keys(['example_short_circuit_decorator']) retrieved from /home/airflow/.local/lib/python3.8/site-packages/airflow/example_dags/example_short_circuit_decorator.py
[2024-02-15T11:36:20.429+0000] {logging_mixin.py:151} INFO - [2024-02-15T11:36:20.429+0000] {dag.py:2907} INFO - Sync 1 DAGs
[2024-02-15T11:36:20.440+0000] {logging_mixin.py:151} INFO - [2024-02-15T11:36:20.440+0000] {dag.py:3677} INFO - Setting next_dagrun for example_short_circuit_decorator to 2024-02-14T11:36:20.440234+00:00, run_after=2024-02-15T11:36:20.440234+00:00
[2024-02-15T11:36:20.449+0000] {processor.py:179} INFO - Processing /home/airflow/.local/lib/python3.8/site-packages/airflow/example_dags/example_short_circuit_decorator.py took 0.043 seconds
