[2024-02-15T11:35:18.815+0000] {processor.py:157} INFO - Started process (PID=49) to work on /home/airflow/.local/lib/python3.8/site-packages/airflow/example_dags/example_branch_python_dop_operator_3.py
[2024-02-15T11:35:18.816+0000] {processor.py:829} INFO - Processing file /home/airflow/.local/lib/python3.8/site-packages/airflow/example_dags/example_branch_python_dop_operator_3.py for tasks to queue
[2024-02-15T11:35:18.818+0000] {logging_mixin.py:151} INFO - [2024-02-15T11:35:18.818+0000] {dagbag.py:539} INFO - Filling up the DagBag from /home/airflow/.local/lib/python3.8/site-packages/airflow/example_dags/example_branch_python_dop_operator_3.py
[2024-02-15T11:35:18.828+0000] {processor.py:839} INFO - DAG(s) dict_keys(['example_branch_dop_operator_v3']) retrieved from /home/airflow/.local/lib/python3.8/site-packages/airflow/example_dags/example_branch_python_dop_operator_3.py
[2024-02-15T11:35:18.841+0000] {logging_mixin.py:151} INFO - [2024-02-15T11:35:18.841+0000] {dag.py:2907} INFO - Sync 1 DAGs
[2024-02-15T11:35:18.967+0000] {logging_mixin.py:151} INFO - [2024-02-15T11:35:18.966+0000] {dag.py:3677} INFO - Setting next_dagrun for example_branch_dop_operator_v3 to 2024-02-15T11:34:00+00:00, run_after=2024-02-15T11:35:00+00:00
[2024-02-15T11:35:18.976+0000] {processor.py:179} INFO - Processing /home/airflow/.local/lib/python3.8/site-packages/airflow/example_dags/example_branch_python_dop_operator_3.py took 0.165 seconds
[2024-02-15T11:35:49.532+0000] {processor.py:157} INFO - Started process (PID=102) to work on /home/airflow/.local/lib/python3.8/site-packages/airflow/example_dags/example_branch_python_dop_operator_3.py
[2024-02-15T11:35:49.533+0000] {processor.py:829} INFO - Processing file /home/airflow/.local/lib/python3.8/site-packages/airflow/example_dags/example_branch_python_dop_operator_3.py for tasks to queue
[2024-02-15T11:35:49.534+0000] {logging_mixin.py:151} INFO - [2024-02-15T11:35:49.534+0000] {dagbag.py:539} INFO - Filling up the DagBag from /home/airflow/.local/lib/python3.8/site-packages/airflow/example_dags/example_branch_python_dop_operator_3.py
[2024-02-15T11:35:49.540+0000] {processor.py:839} INFO - DAG(s) dict_keys(['example_branch_dop_operator_v3']) retrieved from /home/airflow/.local/lib/python3.8/site-packages/airflow/example_dags/example_branch_python_dop_operator_3.py
[2024-02-15T11:35:49.555+0000] {logging_mixin.py:151} INFO - [2024-02-15T11:35:49.554+0000] {dag.py:2907} INFO - Sync 1 DAGs
[2024-02-15T11:35:49.571+0000] {logging_mixin.py:151} INFO - [2024-02-15T11:35:49.571+0000] {dag.py:3677} INFO - Setting next_dagrun for example_branch_dop_operator_v3 to 2024-02-15T11:34:00+00:00, run_after=2024-02-15T11:35:00+00:00
[2024-02-15T11:35:49.579+0000] {processor.py:179} INFO - Processing /home/airflow/.local/lib/python3.8/site-packages/airflow/example_dags/example_branch_python_dop_operator_3.py took 0.050 seconds
[2024-02-15T11:36:20.462+0000] {processor.py:157} INFO - Started process (PID=155) to work on /home/airflow/.local/lib/python3.8/site-packages/airflow/example_dags/example_branch_python_dop_operator_3.py
[2024-02-15T11:36:20.462+0000] {processor.py:829} INFO - Processing file /home/airflow/.local/lib/python3.8/site-packages/airflow/example_dags/example_branch_python_dop_operator_3.py for tasks to queue
[2024-02-15T11:36:20.464+0000] {logging_mixin.py:151} INFO - [2024-02-15T11:36:20.464+0000] {dagbag.py:539} INFO - Filling up the DagBag from /home/airflow/.local/lib/python3.8/site-packages/airflow/example_dags/example_branch_python_dop_operator_3.py
[2024-02-15T11:36:20.469+0000] {processor.py:839} INFO - DAG(s) dict_keys(['example_branch_dop_operator_v3']) retrieved from /home/airflow/.local/lib/python3.8/site-packages/airflow/example_dags/example_branch_python_dop_operator_3.py
[2024-02-15T11:36:20.481+0000] {logging_mixin.py:151} INFO - [2024-02-15T11:36:20.481+0000] {dag.py:2907} INFO - Sync 1 DAGs
[2024-02-15T11:36:20.493+0000] {logging_mixin.py:151} INFO - [2024-02-15T11:36:20.493+0000] {dag.py:3677} INFO - Setting next_dagrun for example_branch_dop_operator_v3 to 2024-02-15T11:35:00+00:00, run_after=2024-02-15T11:36:00+00:00
[2024-02-15T11:36:20.500+0000] {processor.py:179} INFO - Processing /home/airflow/.local/lib/python3.8/site-packages/airflow/example_dags/example_branch_python_dop_operator_3.py took 0.040 seconds
