[2024-02-15T11:35:22.066+0000] {processor.py:157} INFO - Started process (PID=61) to work on /home/airflow/.local/lib/python3.8/site-packages/airflow/example_dags/example_latest_only.py
[2024-02-15T11:35:22.068+0000] {processor.py:829} INFO - Processing file /home/airflow/.local/lib/python3.8/site-packages/airflow/example_dags/example_latest_only.py for tasks to queue
[2024-02-15T11:35:22.072+0000] {logging_mixin.py:151} INFO - [2024-02-15T11:35:22.072+0000] {dagbag.py:539} INFO - Filling up the DagBag from /home/airflow/.local/lib/python3.8/site-packages/airflow/example_dags/example_latest_only.py
[2024-02-15T11:35:22.077+0000] {processor.py:839} INFO - DAG(s) dict_keys(['latest_only']) retrieved from /home/airflow/.local/lib/python3.8/site-packages/airflow/example_dags/example_latest_only.py
[2024-02-15T11:35:22.092+0000] {logging_mixin.py:151} INFO - [2024-02-15T11:35:22.091+0000] {dag.py:2907} INFO - Sync 1 DAGs
[2024-02-15T11:35:22.197+0000] {logging_mixin.py:151} INFO - [2024-02-15T11:35:22.197+0000] {dag.py:3677} INFO - Setting next_dagrun for latest_only to 2024-02-15T07:35:22.197658+00:00, run_after=2024-02-15T11:35:22.197658+00:00
[2024-02-15T11:35:22.206+0000] {processor.py:179} INFO - Processing /home/airflow/.local/lib/python3.8/site-packages/airflow/example_dags/example_latest_only.py took 0.144 seconds
[2024-02-15T11:35:52.444+0000] {processor.py:157} INFO - Started process (PID=114) to work on /home/airflow/.local/lib/python3.8/site-packages/airflow/example_dags/example_latest_only.py
[2024-02-15T11:35:52.446+0000] {processor.py:829} INFO - Processing file /home/airflow/.local/lib/python3.8/site-packages/airflow/example_dags/example_latest_only.py for tasks to queue
[2024-02-15T11:35:52.450+0000] {logging_mixin.py:151} INFO - [2024-02-15T11:35:52.450+0000] {dagbag.py:539} INFO - Filling up the DagBag from /home/airflow/.local/lib/python3.8/site-packages/airflow/example_dags/example_latest_only.py
[2024-02-15T11:35:52.457+0000] {processor.py:839} INFO - DAG(s) dict_keys(['latest_only']) retrieved from /home/airflow/.local/lib/python3.8/site-packages/airflow/example_dags/example_latest_only.py
[2024-02-15T11:35:52.512+0000] {logging_mixin.py:151} INFO - [2024-02-15T11:35:52.512+0000] {dag.py:2907} INFO - Sync 1 DAGs
[2024-02-15T11:35:52.531+0000] {logging_mixin.py:151} INFO - [2024-02-15T11:35:52.530+0000] {dag.py:3677} INFO - Setting next_dagrun for latest_only to 2024-02-15T07:35:52.530221+00:00, run_after=2024-02-15T11:35:52.530221+00:00
[2024-02-15T11:35:52.625+0000] {processor.py:179} INFO - Processing /home/airflow/.local/lib/python3.8/site-packages/airflow/example_dags/example_latest_only.py took 0.183 seconds
[2024-02-15T11:36:23.074+0000] {processor.py:157} INFO - Started process (PID=167) to work on /home/airflow/.local/lib/python3.8/site-packages/airflow/example_dags/example_latest_only.py
[2024-02-15T11:36:23.075+0000] {processor.py:829} INFO - Processing file /home/airflow/.local/lib/python3.8/site-packages/airflow/example_dags/example_latest_only.py for tasks to queue
[2024-02-15T11:36:23.076+0000] {logging_mixin.py:151} INFO - [2024-02-15T11:36:23.076+0000] {dagbag.py:539} INFO - Filling up the DagBag from /home/airflow/.local/lib/python3.8/site-packages/airflow/example_dags/example_latest_only.py
[2024-02-15T11:36:23.079+0000] {processor.py:839} INFO - DAG(s) dict_keys(['latest_only']) retrieved from /home/airflow/.local/lib/python3.8/site-packages/airflow/example_dags/example_latest_only.py
[2024-02-15T11:36:23.095+0000] {logging_mixin.py:151} INFO - [2024-02-15T11:36:23.095+0000] {dag.py:2907} INFO - Sync 1 DAGs
[2024-02-15T11:36:23.110+0000] {logging_mixin.py:151} INFO - [2024-02-15T11:36:23.110+0000] {dag.py:3677} INFO - Setting next_dagrun for latest_only to 2024-02-15T07:36:23.110211+00:00, run_after=2024-02-15T11:36:23.110211+00:00
[2024-02-15T11:36:23.166+0000] {processor.py:179} INFO - Processing /home/airflow/.local/lib/python3.8/site-packages/airflow/example_dags/example_latest_only.py took 0.094 seconds
