[2024-02-15T11:35:22.949+0000] {processor.py:157} INFO - Started process (PID=70) to work on /home/airflow/.local/lib/python3.8/site-packages/airflow/example_dags/example_setup_teardown.py
[2024-02-15T11:35:22.951+0000] {processor.py:829} INFO - Processing file /home/airflow/.local/lib/python3.8/site-packages/airflow/example_dags/example_setup_teardown.py for tasks to queue
[2024-02-15T11:35:22.957+0000] {logging_mixin.py:151} INFO - [2024-02-15T11:35:22.957+0000] {dagbag.py:539} INFO - Filling up the DagBag from /home/airflow/.local/lib/python3.8/site-packages/airflow/example_dags/example_setup_teardown.py
[2024-02-15T11:35:23.085+0000] {processor.py:839} INFO - DAG(s) dict_keys(['example_setup_teardown']) retrieved from /home/airflow/.local/lib/python3.8/site-packages/airflow/example_dags/example_setup_teardown.py
[2024-02-15T11:35:23.099+0000] {logging_mixin.py:151} INFO - [2024-02-15T11:35:23.099+0000] {dag.py:2907} INFO - Sync 1 DAGs
[2024-02-15T11:35:23.111+0000] {logging_mixin.py:151} INFO - [2024-02-15T11:35:23.111+0000] {dag.py:3677} INFO - Setting next_dagrun for example_setup_teardown to 2024-02-14T11:35:23.110902+00:00, run_after=2024-02-15T11:35:23.110902+00:00
[2024-02-15T11:35:23.119+0000] {processor.py:179} INFO - Processing /home/airflow/.local/lib/python3.8/site-packages/airflow/example_dags/example_setup_teardown.py took 0.174 seconds
[2024-02-15T11:35:53.157+0000] {processor.py:157} INFO - Started process (PID=123) to work on /home/airflow/.local/lib/python3.8/site-packages/airflow/example_dags/example_setup_teardown.py
[2024-02-15T11:35:53.159+0000] {processor.py:829} INFO - Processing file /home/airflow/.local/lib/python3.8/site-packages/airflow/example_dags/example_setup_teardown.py for tasks to queue
[2024-02-15T11:35:53.162+0000] {logging_mixin.py:151} INFO - [2024-02-15T11:35:53.162+0000] {dagbag.py:539} INFO - Filling up the DagBag from /home/airflow/.local/lib/python3.8/site-packages/airflow/example_dags/example_setup_teardown.py
[2024-02-15T11:35:53.168+0000] {processor.py:839} INFO - DAG(s) dict_keys(['example_setup_teardown']) retrieved from /home/airflow/.local/lib/python3.8/site-packages/airflow/example_dags/example_setup_teardown.py
[2024-02-15T11:35:53.182+0000] {logging_mixin.py:151} INFO - [2024-02-15T11:35:53.182+0000] {dag.py:2907} INFO - Sync 1 DAGs
[2024-02-15T11:35:53.195+0000] {logging_mixin.py:151} INFO - [2024-02-15T11:35:53.195+0000] {dag.py:3677} INFO - Setting next_dagrun for example_setup_teardown to 2024-02-14T11:35:53.195298+00:00, run_after=2024-02-15T11:35:53.195298+00:00
[2024-02-15T11:35:53.205+0000] {processor.py:179} INFO - Processing /home/airflow/.local/lib/python3.8/site-packages/airflow/example_dags/example_setup_teardown.py took 0.051 seconds
[2024-02-15T11:36:23.438+0000] {processor.py:157} INFO - Started process (PID=176) to work on /home/airflow/.local/lib/python3.8/site-packages/airflow/example_dags/example_setup_teardown.py
[2024-02-15T11:36:23.438+0000] {processor.py:829} INFO - Processing file /home/airflow/.local/lib/python3.8/site-packages/airflow/example_dags/example_setup_teardown.py for tasks to queue
[2024-02-15T11:36:23.440+0000] {logging_mixin.py:151} INFO - [2024-02-15T11:36:23.440+0000] {dagbag.py:539} INFO - Filling up the DagBag from /home/airflow/.local/lib/python3.8/site-packages/airflow/example_dags/example_setup_teardown.py
[2024-02-15T11:36:23.444+0000] {processor.py:839} INFO - DAG(s) dict_keys(['example_setup_teardown']) retrieved from /home/airflow/.local/lib/python3.8/site-packages/airflow/example_dags/example_setup_teardown.py
[2024-02-15T11:36:23.457+0000] {logging_mixin.py:151} INFO - [2024-02-15T11:36:23.457+0000] {dag.py:2907} INFO - Sync 1 DAGs
[2024-02-15T11:36:23.468+0000] {logging_mixin.py:151} INFO - [2024-02-15T11:36:23.468+0000] {dag.py:3677} INFO - Setting next_dagrun for example_setup_teardown to 2024-02-14T11:36:23.467975+00:00, run_after=2024-02-15T11:36:23.467975+00:00
[2024-02-15T11:36:23.476+0000] {processor.py:179} INFO - Processing /home/airflow/.local/lib/python3.8/site-packages/airflow/example_dags/example_setup_teardown.py took 0.040 seconds
