[2024-02-15T11:35:22.407+0000] {processor.py:157} INFO - Started process (PID=65) to work on /home/airflow/.local/lib/python3.8/site-packages/airflow/example_dags/example_python_operator.py
[2024-02-15T11:35:22.408+0000] {processor.py:829} INFO - Processing file /home/airflow/.local/lib/python3.8/site-packages/airflow/example_dags/example_python_operator.py for tasks to queue
[2024-02-15T11:35:22.409+0000] {logging_mixin.py:151} INFO - [2024-02-15T11:35:22.409+0000] {dagbag.py:539} INFO - Filling up the DagBag from /home/airflow/.local/lib/python3.8/site-packages/airflow/example_dags/example_python_operator.py
[2024-02-15T11:35:22.419+0000] {processor.py:839} INFO - DAG(s) dict_keys(['example_python_operator']) retrieved from /home/airflow/.local/lib/python3.8/site-packages/airflow/example_dags/example_python_operator.py
[2024-02-15T11:35:22.513+0000] {logging_mixin.py:151} INFO - [2024-02-15T11:35:22.513+0000] {dag.py:2907} INFO - Sync 1 DAGs
[2024-02-15T11:35:22.519+0000] {logging_mixin.py:151} INFO - [2024-02-15T11:35:22.519+0000] {dag.py:3677} INFO - Setting next_dagrun for example_python_operator to None, run_after=None
[2024-02-15T11:35:22.526+0000] {processor.py:179} INFO - Processing /home/airflow/.local/lib/python3.8/site-packages/airflow/example_dags/example_python_operator.py took 0.122 seconds
[2024-02-15T11:35:52.921+0000] {processor.py:157} INFO - Started process (PID=118) to work on /home/airflow/.local/lib/python3.8/site-packages/airflow/example_dags/example_python_operator.py
[2024-02-15T11:35:52.922+0000] {processor.py:829} INFO - Processing file /home/airflow/.local/lib/python3.8/site-packages/airflow/example_dags/example_python_operator.py for tasks to queue
[2024-02-15T11:35:52.923+0000] {logging_mixin.py:151} INFO - [2024-02-15T11:35:52.923+0000] {dagbag.py:539} INFO - Filling up the DagBag from /home/airflow/.local/lib/python3.8/site-packages/airflow/example_dags/example_python_operator.py
[2024-02-15T11:35:52.930+0000] {processor.py:839} INFO - DAG(s) dict_keys(['example_python_operator']) retrieved from /home/airflow/.local/lib/python3.8/site-packages/airflow/example_dags/example_python_operator.py
[2024-02-15T11:35:53.056+0000] {logging_mixin.py:151} INFO - [2024-02-15T11:35:53.056+0000] {dag.py:2907} INFO - Sync 1 DAGs
[2024-02-15T11:35:53.063+0000] {logging_mixin.py:151} INFO - [2024-02-15T11:35:53.063+0000] {dag.py:3677} INFO - Setting next_dagrun for example_python_operator to None, run_after=None
[2024-02-15T11:35:53.077+0000] {processor.py:179} INFO - Processing /home/airflow/.local/lib/python3.8/site-packages/airflow/example_dags/example_python_operator.py took 0.158 seconds
[2024-02-15T11:36:23.256+0000] {processor.py:157} INFO - Started process (PID=171) to work on /home/airflow/.local/lib/python3.8/site-packages/airflow/example_dags/example_python_operator.py
[2024-02-15T11:36:23.257+0000] {processor.py:829} INFO - Processing file /home/airflow/.local/lib/python3.8/site-packages/airflow/example_dags/example_python_operator.py for tasks to queue
[2024-02-15T11:36:23.258+0000] {logging_mixin.py:151} INFO - [2024-02-15T11:36:23.258+0000] {dagbag.py:539} INFO - Filling up the DagBag from /home/airflow/.local/lib/python3.8/site-packages/airflow/example_dags/example_python_operator.py
[2024-02-15T11:36:23.265+0000] {processor.py:839} INFO - DAG(s) dict_keys(['example_python_operator']) retrieved from /home/airflow/.local/lib/python3.8/site-packages/airflow/example_dags/example_python_operator.py
[2024-02-15T11:36:23.283+0000] {logging_mixin.py:151} INFO - [2024-02-15T11:36:23.282+0000] {dag.py:2907} INFO - Sync 1 DAGs
[2024-02-15T11:36:23.291+0000] {logging_mixin.py:151} INFO - [2024-02-15T11:36:23.291+0000] {dag.py:3677} INFO - Setting next_dagrun for example_python_operator to None, run_after=None
[2024-02-15T11:36:23.305+0000] {processor.py:179} INFO - Processing /home/airflow/.local/lib/python3.8/site-packages/airflow/example_dags/example_python_operator.py took 0.051 seconds
