[2024-02-15T11:35:22.549+0000] {processor.py:157} INFO - Started process (PID=66) to work on /home/airflow/.local/lib/python3.8/site-packages/airflow/example_dags/example_dynamic_task_mapping_with_no_taskflow_operators.py
[2024-02-15T11:35:22.551+0000] {processor.py:829} INFO - Processing file /home/airflow/.local/lib/python3.8/site-packages/airflow/example_dags/example_dynamic_task_mapping_with_no_taskflow_operators.py for tasks to queue
[2024-02-15T11:35:22.556+0000] {logging_mixin.py:151} INFO - [2024-02-15T11:35:22.556+0000] {dagbag.py:539} INFO - Filling up the DagBag from /home/airflow/.local/lib/python3.8/site-packages/airflow/example_dags/example_dynamic_task_mapping_with_no_taskflow_operators.py
[2024-02-15T11:35:22.666+0000] {processor.py:839} INFO - DAG(s) dict_keys(['example_dynamic_task_mapping_with_no_taskflow_operators']) retrieved from /home/airflow/.local/lib/python3.8/site-packages/airflow/example_dags/example_dynamic_task_mapping_with_no_taskflow_operators.py
[2024-02-15T11:35:22.692+0000] {logging_mixin.py:151} INFO - [2024-02-15T11:35:22.691+0000] {dag.py:2907} INFO - Sync 1 DAGs
[2024-02-15T11:35:22.703+0000] {logging_mixin.py:151} INFO - [2024-02-15T11:35:22.703+0000] {dag.py:3677} INFO - Setting next_dagrun for example_dynamic_task_mapping_with_no_taskflow_operators to 2024-02-14T11:35:22.703642+00:00, run_after=2024-02-15T11:35:22.703642+00:00
[2024-02-15T11:35:22.714+0000] {processor.py:179} INFO - Processing /home/airflow/.local/lib/python3.8/site-packages/airflow/example_dags/example_dynamic_task_mapping_with_no_taskflow_operators.py took 0.168 seconds
[2024-02-15T11:35:52.941+0000] {processor.py:157} INFO - Started process (PID=119) to work on /home/airflow/.local/lib/python3.8/site-packages/airflow/example_dags/example_dynamic_task_mapping_with_no_taskflow_operators.py
[2024-02-15T11:35:52.943+0000] {processor.py:829} INFO - Processing file /home/airflow/.local/lib/python3.8/site-packages/airflow/example_dags/example_dynamic_task_mapping_with_no_taskflow_operators.py for tasks to queue
[2024-02-15T11:35:52.944+0000] {logging_mixin.py:151} INFO - [2024-02-15T11:35:52.944+0000] {dagbag.py:539} INFO - Filling up the DagBag from /home/airflow/.local/lib/python3.8/site-packages/airflow/example_dags/example_dynamic_task_mapping_with_no_taskflow_operators.py
[2024-02-15T11:35:52.949+0000] {processor.py:839} INFO - DAG(s) dict_keys(['example_dynamic_task_mapping_with_no_taskflow_operators']) retrieved from /home/airflow/.local/lib/python3.8/site-packages/airflow/example_dags/example_dynamic_task_mapping_with_no_taskflow_operators.py
[2024-02-15T11:35:52.964+0000] {logging_mixin.py:151} INFO - [2024-02-15T11:35:52.964+0000] {dag.py:2907} INFO - Sync 1 DAGs
[2024-02-15T11:35:52.976+0000] {logging_mixin.py:151} INFO - [2024-02-15T11:35:52.976+0000] {dag.py:3677} INFO - Setting next_dagrun for example_dynamic_task_mapping_with_no_taskflow_operators to 2024-02-14T11:35:52.976509+00:00, run_after=2024-02-15T11:35:52.976509+00:00
[2024-02-15T11:35:52.987+0000] {processor.py:179} INFO - Processing /home/airflow/.local/lib/python3.8/site-packages/airflow/example_dags/example_dynamic_task_mapping_with_no_taskflow_operators.py took 0.048 seconds
[2024-02-15T11:36:23.327+0000] {processor.py:157} INFO - Started process (PID=172) to work on /home/airflow/.local/lib/python3.8/site-packages/airflow/example_dags/example_dynamic_task_mapping_with_no_taskflow_operators.py
[2024-02-15T11:36:23.328+0000] {processor.py:829} INFO - Processing file /home/airflow/.local/lib/python3.8/site-packages/airflow/example_dags/example_dynamic_task_mapping_with_no_taskflow_operators.py for tasks to queue
[2024-02-15T11:36:23.330+0000] {logging_mixin.py:151} INFO - [2024-02-15T11:36:23.330+0000] {dagbag.py:539} INFO - Filling up the DagBag from /home/airflow/.local/lib/python3.8/site-packages/airflow/example_dags/example_dynamic_task_mapping_with_no_taskflow_operators.py
[2024-02-15T11:36:23.335+0000] {processor.py:839} INFO - DAG(s) dict_keys(['example_dynamic_task_mapping_with_no_taskflow_operators']) retrieved from /home/airflow/.local/lib/python3.8/site-packages/airflow/example_dags/example_dynamic_task_mapping_with_no_taskflow_operators.py
[2024-02-15T11:36:23.350+0000] {logging_mixin.py:151} INFO - [2024-02-15T11:36:23.350+0000] {dag.py:2907} INFO - Sync 1 DAGs
[2024-02-15T11:36:23.362+0000] {logging_mixin.py:151} INFO - [2024-02-15T11:36:23.362+0000] {dag.py:3677} INFO - Setting next_dagrun for example_dynamic_task_mapping_with_no_taskflow_operators to 2024-02-14T11:36:23.361981+00:00, run_after=2024-02-15T11:36:23.361981+00:00
[2024-02-15T11:36:23.372+0000] {processor.py:179} INFO - Processing /home/airflow/.local/lib/python3.8/site-packages/airflow/example_dags/example_dynamic_task_mapping_with_no_taskflow_operators.py took 0.048 seconds
