[2024-02-15T11:35:20.010+0000] {processor.py:157} INFO - Started process (PID=58) to work on /home/airflow/.local/lib/python3.8/site-packages/airflow/example_dags/example_kubernetes_executor.py
[2024-02-15T11:35:20.012+0000] {processor.py:829} INFO - Processing file /home/airflow/.local/lib/python3.8/site-packages/airflow/example_dags/example_kubernetes_executor.py for tasks to queue
[2024-02-15T11:35:20.014+0000] {logging_mixin.py:151} INFO - [2024-02-15T11:35:20.014+0000] {dagbag.py:539} INFO - Filling up the DagBag from /home/airflow/.local/lib/python3.8/site-packages/airflow/example_dags/example_kubernetes_executor.py
[2024-02-15T11:35:21.657+0000] {processor.py:839} INFO - DAG(s) dict_keys(['example_kubernetes_executor']) retrieved from /home/airflow/.local/lib/python3.8/site-packages/airflow/example_dags/example_kubernetes_executor.py
[2024-02-15T11:35:21.704+0000] {logging_mixin.py:151} INFO - [2024-02-15T11:35:21.703+0000] {dag.py:2907} INFO - Sync 1 DAGs
[2024-02-15T11:35:21.727+0000] {logging_mixin.py:151} INFO - [2024-02-15T11:35:21.727+0000] {dag.py:3677} INFO - Setting next_dagrun for example_kubernetes_executor to None, run_after=None
[2024-02-15T11:35:21.762+0000] {processor.py:179} INFO - Processing /home/airflow/.local/lib/python3.8/site-packages/airflow/example_dags/example_kubernetes_executor.py took 1.754 seconds
[2024-02-15T11:35:51.871+0000] {processor.py:157} INFO - Started process (PID=111) to work on /home/airflow/.local/lib/python3.8/site-packages/airflow/example_dags/example_kubernetes_executor.py
[2024-02-15T11:35:51.872+0000] {processor.py:829} INFO - Processing file /home/airflow/.local/lib/python3.8/site-packages/airflow/example_dags/example_kubernetes_executor.py for tasks to queue
[2024-02-15T11:35:51.874+0000] {logging_mixin.py:151} INFO - [2024-02-15T11:35:51.874+0000] {dagbag.py:539} INFO - Filling up the DagBag from /home/airflow/.local/lib/python3.8/site-packages/airflow/example_dags/example_kubernetes_executor.py
[2024-02-15T11:35:52.229+0000] {processor.py:839} INFO - DAG(s) dict_keys(['example_kubernetes_executor']) retrieved from /home/airflow/.local/lib/python3.8/site-packages/airflow/example_dags/example_kubernetes_executor.py
[2024-02-15T11:35:52.286+0000] {logging_mixin.py:151} INFO - [2024-02-15T11:35:52.285+0000] {dag.py:2907} INFO - Sync 1 DAGs
[2024-02-15T11:35:52.293+0000] {logging_mixin.py:151} INFO - [2024-02-15T11:35:52.293+0000] {dag.py:3677} INFO - Setting next_dagrun for example_kubernetes_executor to None, run_after=None
[2024-02-15T11:35:52.311+0000] {processor.py:179} INFO - Processing /home/airflow/.local/lib/python3.8/site-packages/airflow/example_dags/example_kubernetes_executor.py took 0.442 seconds
[2024-02-15T11:36:22.812+0000] {processor.py:157} INFO - Started process (PID=164) to work on /home/airflow/.local/lib/python3.8/site-packages/airflow/example_dags/example_kubernetes_executor.py
[2024-02-15T11:36:22.814+0000] {processor.py:829} INFO - Processing file /home/airflow/.local/lib/python3.8/site-packages/airflow/example_dags/example_kubernetes_executor.py for tasks to queue
[2024-02-15T11:36:22.816+0000] {logging_mixin.py:151} INFO - [2024-02-15T11:36:22.815+0000] {dagbag.py:539} INFO - Filling up the DagBag from /home/airflow/.local/lib/python3.8/site-packages/airflow/example_dags/example_kubernetes_executor.py
[2024-02-15T11:36:22.957+0000] {processor.py:839} INFO - DAG(s) dict_keys(['example_kubernetes_executor']) retrieved from /home/airflow/.local/lib/python3.8/site-packages/airflow/example_dags/example_kubernetes_executor.py
[2024-02-15T11:36:22.982+0000] {logging_mixin.py:151} INFO - [2024-02-15T11:36:22.981+0000] {dag.py:2907} INFO - Sync 1 DAGs
[2024-02-15T11:36:22.988+0000] {logging_mixin.py:151} INFO - [2024-02-15T11:36:22.988+0000] {dag.py:3677} INFO - Setting next_dagrun for example_kubernetes_executor to None, run_after=None
[2024-02-15T11:36:22.996+0000] {processor.py:179} INFO - Processing /home/airflow/.local/lib/python3.8/site-packages/airflow/example_dags/example_kubernetes_executor.py took 0.186 seconds
