[2024-02-15T11:35:17.591+0000] {processor.py:157} INFO - Started process (PID=34) to work on /home/airflow/.local/lib/python3.8/site-packages/airflow/example_dags/example_branch_datetime_operator.py
[2024-02-15T11:35:17.592+0000] {processor.py:829} INFO - Processing file /home/airflow/.local/lib/python3.8/site-packages/airflow/example_dags/example_branch_datetime_operator.py for tasks to queue
[2024-02-15T11:35:17.594+0000] {logging_mixin.py:151} INFO - [2024-02-15T11:35:17.593+0000] {dagbag.py:539} INFO - Filling up the DagBag from /home/airflow/.local/lib/python3.8/site-packages/airflow/example_dags/example_branch_datetime_operator.py
[2024-02-15T11:35:17.602+0000] {processor.py:839} INFO - DAG(s) dict_keys(['example_branch_datetime_operator', 'example_branch_datetime_operator_3', 'example_branch_datetime_operator_2']) retrieved from /home/airflow/.local/lib/python3.8/site-packages/airflow/example_dags/example_branch_datetime_operator.py
[2024-02-15T11:35:17.611+0000] {logging_mixin.py:151} INFO - [2024-02-15T11:35:17.611+0000] {dag.py:2907} INFO - Sync 3 DAGs
[2024-02-15T11:35:17.626+0000] {logging_mixin.py:151} INFO - [2024-02-15T11:35:17.626+0000] {dag.py:3677} INFO - Setting next_dagrun for example_branch_datetime_operator to 2024-02-14T00:00:00+00:00, run_after=2024-02-15T00:00:00+00:00
[2024-02-15T11:35:17.629+0000] {logging_mixin.py:151} INFO - [2024-02-15T11:35:17.629+0000] {dag.py:3677} INFO - Setting next_dagrun for example_branch_datetime_operator_2 to 2024-02-14T00:00:00+00:00, run_after=2024-02-15T00:00:00+00:00
[2024-02-15T11:35:17.634+0000] {logging_mixin.py:151} INFO - [2024-02-15T11:35:17.634+0000] {dag.py:3677} INFO - Setting next_dagrun for example_branch_datetime_operator_3 to 2024-02-14T00:00:00+00:00, run_after=2024-02-15T00:00:00+00:00
[2024-02-15T11:35:17.645+0000] {processor.py:179} INFO - Processing /home/airflow/.local/lib/python3.8/site-packages/airflow/example_dags/example_branch_datetime_operator.py took 0.056 seconds
[2024-02-15T11:35:47.982+0000] {processor.py:157} INFO - Started process (PID=87) to work on /home/airflow/.local/lib/python3.8/site-packages/airflow/example_dags/example_branch_datetime_operator.py
[2024-02-15T11:35:47.983+0000] {processor.py:829} INFO - Processing file /home/airflow/.local/lib/python3.8/site-packages/airflow/example_dags/example_branch_datetime_operator.py for tasks to queue
[2024-02-15T11:35:47.984+0000] {logging_mixin.py:151} INFO - [2024-02-15T11:35:47.984+0000] {dagbag.py:539} INFO - Filling up the DagBag from /home/airflow/.local/lib/python3.8/site-packages/airflow/example_dags/example_branch_datetime_operator.py
[2024-02-15T11:35:47.990+0000] {processor.py:839} INFO - DAG(s) dict_keys(['example_branch_datetime_operator_2', 'example_branch_datetime_operator_3', 'example_branch_datetime_operator']) retrieved from /home/airflow/.local/lib/python3.8/site-packages/airflow/example_dags/example_branch_datetime_operator.py
[2024-02-15T11:35:48.006+0000] {logging_mixin.py:151} INFO - [2024-02-15T11:35:48.006+0000] {dag.py:2907} INFO - Sync 3 DAGs
[2024-02-15T11:35:48.017+0000] {logging_mixin.py:151} INFO - [2024-02-15T11:35:48.017+0000] {dag.py:3677} INFO - Setting next_dagrun for example_branch_datetime_operator to 2024-02-14T00:00:00+00:00, run_after=2024-02-15T00:00:00+00:00
[2024-02-15T11:35:48.020+0000] {logging_mixin.py:151} INFO - [2024-02-15T11:35:48.020+0000] {dag.py:3677} INFO - Setting next_dagrun for example_branch_datetime_operator_2 to 2024-02-14T00:00:00+00:00, run_after=2024-02-15T00:00:00+00:00
[2024-02-15T11:35:48.021+0000] {logging_mixin.py:151} INFO - [2024-02-15T11:35:48.021+0000] {dag.py:3677} INFO - Setting next_dagrun for example_branch_datetime_operator_3 to 2024-02-14T00:00:00+00:00, run_after=2024-02-15T00:00:00+00:00
[2024-02-15T11:35:48.028+0000] {processor.py:179} INFO - Processing /home/airflow/.local/lib/python3.8/site-packages/airflow/example_dags/example_branch_datetime_operator.py took 0.048 seconds
[2024-02-15T11:36:18.937+0000] {processor.py:157} INFO - Started process (PID=140) to work on /home/airflow/.local/lib/python3.8/site-packages/airflow/example_dags/example_branch_datetime_operator.py
[2024-02-15T11:36:18.938+0000] {processor.py:829} INFO - Processing file /home/airflow/.local/lib/python3.8/site-packages/airflow/example_dags/example_branch_datetime_operator.py for tasks to queue
[2024-02-15T11:36:18.939+0000] {logging_mixin.py:151} INFO - [2024-02-15T11:36:18.939+0000] {dagbag.py:539} INFO - Filling up the DagBag from /home/airflow/.local/lib/python3.8/site-packages/airflow/example_dags/example_branch_datetime_operator.py
[2024-02-15T11:36:18.946+0000] {processor.py:839} INFO - DAG(s) dict_keys(['example_branch_datetime_operator_3', 'example_branch_datetime_operator', 'example_branch_datetime_operator_2']) retrieved from /home/airflow/.local/lib/python3.8/site-packages/airflow/example_dags/example_branch_datetime_operator.py
[2024-02-15T11:36:18.963+0000] {logging_mixin.py:151} INFO - [2024-02-15T11:36:18.963+0000] {dag.py:2907} INFO - Sync 3 DAGs
[2024-02-15T11:36:18.975+0000] {logging_mixin.py:151} INFO - [2024-02-15T11:36:18.975+0000] {dag.py:3677} INFO - Setting next_dagrun for example_branch_datetime_operator to 2024-02-14T00:00:00+00:00, run_after=2024-02-15T00:00:00+00:00
[2024-02-15T11:36:18.978+0000] {logging_mixin.py:151} INFO - [2024-02-15T11:36:18.978+0000] {dag.py:3677} INFO - Setting next_dagrun for example_branch_datetime_operator_2 to 2024-02-14T00:00:00+00:00, run_after=2024-02-15T00:00:00+00:00
[2024-02-15T11:36:18.979+0000] {logging_mixin.py:151} INFO - [2024-02-15T11:36:18.979+0000] {dag.py:3677} INFO - Setting next_dagrun for example_branch_datetime_operator_3 to 2024-02-14T00:00:00+00:00, run_after=2024-02-15T00:00:00+00:00
[2024-02-15T11:36:18.987+0000] {processor.py:179} INFO - Processing /home/airflow/.local/lib/python3.8/site-packages/airflow/example_dags/example_branch_datetime_operator.py took 0.052 seconds
