[2024-02-15T11:35:17.675+0000] {processor.py:157} INFO - Started process (PID=36) to work on /home/airflow/.local/lib/python3.8/site-packages/airflow/example_dags/example_sensor_decorator.py
[2024-02-15T11:35:17.680+0000] {processor.py:829} INFO - Processing file /home/airflow/.local/lib/python3.8/site-packages/airflow/example_dags/example_sensor_decorator.py for tasks to queue
[2024-02-15T11:35:17.682+0000] {logging_mixin.py:151} INFO - [2024-02-15T11:35:17.682+0000] {dagbag.py:539} INFO - Filling up the DagBag from /home/airflow/.local/lib/python3.8/site-packages/airflow/example_dags/example_sensor_decorator.py
[2024-02-15T11:35:17.689+0000] {processor.py:839} INFO - DAG(s) dict_keys(['example_sensor_decorator']) retrieved from /home/airflow/.local/lib/python3.8/site-packages/airflow/example_dags/example_sensor_decorator.py
[2024-02-15T11:35:17.707+0000] {logging_mixin.py:151} INFO - [2024-02-15T11:35:17.707+0000] {dag.py:2907} INFO - Sync 1 DAGs
[2024-02-15T11:35:17.721+0000] {logging_mixin.py:151} INFO - [2024-02-15T11:35:17.721+0000] {dag.py:3677} INFO - Setting next_dagrun for example_sensor_decorator to None, run_after=None
[2024-02-15T11:35:17.741+0000] {processor.py:179} INFO - Processing /home/airflow/.local/lib/python3.8/site-packages/airflow/example_dags/example_sensor_decorator.py took 0.068 seconds
[2024-02-15T11:35:48.034+0000] {processor.py:157} INFO - Started process (PID=89) to work on /home/airflow/.local/lib/python3.8/site-packages/airflow/example_dags/example_sensor_decorator.py
[2024-02-15T11:35:48.035+0000] {processor.py:829} INFO - Processing file /home/airflow/.local/lib/python3.8/site-packages/airflow/example_dags/example_sensor_decorator.py for tasks to queue
[2024-02-15T11:35:48.036+0000] {logging_mixin.py:151} INFO - [2024-02-15T11:35:48.036+0000] {dagbag.py:539} INFO - Filling up the DagBag from /home/airflow/.local/lib/python3.8/site-packages/airflow/example_dags/example_sensor_decorator.py
[2024-02-15T11:35:48.040+0000] {processor.py:839} INFO - DAG(s) dict_keys(['example_sensor_decorator']) retrieved from /home/airflow/.local/lib/python3.8/site-packages/airflow/example_dags/example_sensor_decorator.py
[2024-02-15T11:35:48.051+0000] {logging_mixin.py:151} INFO - [2024-02-15T11:35:48.051+0000] {dag.py:2907} INFO - Sync 1 DAGs
[2024-02-15T11:35:48.058+0000] {logging_mixin.py:151} INFO - [2024-02-15T11:35:48.057+0000] {dag.py:3677} INFO - Setting next_dagrun for example_sensor_decorator to None, run_after=None
[2024-02-15T11:35:48.065+0000] {processor.py:179} INFO - Processing /home/airflow/.local/lib/python3.8/site-packages/airflow/example_dags/example_sensor_decorator.py took 0.033 seconds
[2024-02-15T11:36:19.003+0000] {processor.py:157} INFO - Started process (PID=142) to work on /home/airflow/.local/lib/python3.8/site-packages/airflow/example_dags/example_sensor_decorator.py
[2024-02-15T11:36:19.004+0000] {processor.py:829} INFO - Processing file /home/airflow/.local/lib/python3.8/site-packages/airflow/example_dags/example_sensor_decorator.py for tasks to queue
[2024-02-15T11:36:19.005+0000] {logging_mixin.py:151} INFO - [2024-02-15T11:36:19.005+0000] {dagbag.py:539} INFO - Filling up the DagBag from /home/airflow/.local/lib/python3.8/site-packages/airflow/example_dags/example_sensor_decorator.py
[2024-02-15T11:36:19.009+0000] {processor.py:839} INFO - DAG(s) dict_keys(['example_sensor_decorator']) retrieved from /home/airflow/.local/lib/python3.8/site-packages/airflow/example_dags/example_sensor_decorator.py
[2024-02-15T11:36:19.021+0000] {logging_mixin.py:151} INFO - [2024-02-15T11:36:19.021+0000] {dag.py:2907} INFO - Sync 1 DAGs
[2024-02-15T11:36:19.027+0000] {logging_mixin.py:151} INFO - [2024-02-15T11:36:19.027+0000] {dag.py:3677} INFO - Setting next_dagrun for example_sensor_decorator to None, run_after=None
[2024-02-15T11:36:19.034+0000] {processor.py:179} INFO - Processing /home/airflow/.local/lib/python3.8/site-packages/airflow/example_dags/example_sensor_decorator.py took 0.033 seconds
