[2024-02-15T11:35:19.332+0000] {processor.py:157} INFO - Started process (PID=53) to work on /home/airflow/.local/lib/python3.8/site-packages/airflow/example_dags/example_task_group.py
[2024-02-15T11:35:19.335+0000] {processor.py:829} INFO - Processing file /home/airflow/.local/lib/python3.8/site-packages/airflow/example_dags/example_task_group.py for tasks to queue
[2024-02-15T11:35:19.339+0000] {logging_mixin.py:151} INFO - [2024-02-15T11:35:19.339+0000] {dagbag.py:539} INFO - Filling up the DagBag from /home/airflow/.local/lib/python3.8/site-packages/airflow/example_dags/example_task_group.py
[2024-02-15T11:35:19.348+0000] {processor.py:839} INFO - DAG(s) dict_keys(['example_task_group']) retrieved from /home/airflow/.local/lib/python3.8/site-packages/airflow/example_dags/example_task_group.py
[2024-02-15T11:35:19.359+0000] {logging_mixin.py:151} INFO - [2024-02-15T11:35:19.359+0000] {dag.py:2907} INFO - Sync 1 DAGs
[2024-02-15T11:35:19.502+0000] {logging_mixin.py:151} INFO - [2024-02-15T11:35:19.502+0000] {dag.py:3677} INFO - Setting next_dagrun for example_task_group to 2024-02-14T11:35:19.502428+00:00, run_after=2024-02-15T11:35:19.502428+00:00
[2024-02-15T11:35:19.511+0000] {processor.py:179} INFO - Processing /home/airflow/.local/lib/python3.8/site-packages/airflow/example_dags/example_task_group.py took 0.183 seconds
[2024-02-15T11:35:49.695+0000] {processor.py:157} INFO - Started process (PID=106) to work on /home/airflow/.local/lib/python3.8/site-packages/airflow/example_dags/example_task_group.py
[2024-02-15T11:35:49.696+0000] {processor.py:829} INFO - Processing file /home/airflow/.local/lib/python3.8/site-packages/airflow/example_dags/example_task_group.py for tasks to queue
[2024-02-15T11:35:49.697+0000] {logging_mixin.py:151} INFO - [2024-02-15T11:35:49.697+0000] {dagbag.py:539} INFO - Filling up the DagBag from /home/airflow/.local/lib/python3.8/site-packages/airflow/example_dags/example_task_group.py
[2024-02-15T11:35:49.703+0000] {processor.py:839} INFO - DAG(s) dict_keys(['example_task_group']) retrieved from /home/airflow/.local/lib/python3.8/site-packages/airflow/example_dags/example_task_group.py
[2024-02-15T11:35:49.719+0000] {logging_mixin.py:151} INFO - [2024-02-15T11:35:49.719+0000] {dag.py:2907} INFO - Sync 1 DAGs
[2024-02-15T11:35:49.733+0000] {logging_mixin.py:151} INFO - [2024-02-15T11:35:49.733+0000] {dag.py:3677} INFO - Setting next_dagrun for example_task_group to 2024-02-14T11:35:49.733110+00:00, run_after=2024-02-15T11:35:49.733110+00:00
[2024-02-15T11:35:49.742+0000] {processor.py:179} INFO - Processing /home/airflow/.local/lib/python3.8/site-packages/airflow/example_dags/example_task_group.py took 0.049 seconds
[2024-02-15T11:36:20.628+0000] {processor.py:157} INFO - Started process (PID=159) to work on /home/airflow/.local/lib/python3.8/site-packages/airflow/example_dags/example_task_group.py
[2024-02-15T11:36:20.629+0000] {processor.py:829} INFO - Processing file /home/airflow/.local/lib/python3.8/site-packages/airflow/example_dags/example_task_group.py for tasks to queue
[2024-02-15T11:36:20.630+0000] {logging_mixin.py:151} INFO - [2024-02-15T11:36:20.630+0000] {dagbag.py:539} INFO - Filling up the DagBag from /home/airflow/.local/lib/python3.8/site-packages/airflow/example_dags/example_task_group.py
[2024-02-15T11:36:20.644+0000] {processor.py:839} INFO - DAG(s) dict_keys(['example_task_group']) retrieved from /home/airflow/.local/lib/python3.8/site-packages/airflow/example_dags/example_task_group.py
[2024-02-15T11:36:20.659+0000] {logging_mixin.py:151} INFO - [2024-02-15T11:36:20.659+0000] {dag.py:2907} INFO - Sync 1 DAGs
[2024-02-15T11:36:20.670+0000] {logging_mixin.py:151} INFO - [2024-02-15T11:36:20.670+0000] {dag.py:3677} INFO - Setting next_dagrun for example_task_group to 2024-02-14T11:36:20.669878+00:00, run_after=2024-02-15T11:36:20.669878+00:00
[2024-02-15T11:36:20.677+0000] {processor.py:179} INFO - Processing /home/airflow/.local/lib/python3.8/site-packages/airflow/example_dags/example_task_group.py took 0.051 seconds
