[2024-02-15T11:35:18.569+0000] {processor.py:157} INFO - Started process (PID=46) to work on /home/airflow/.local/lib/python3.8/site-packages/airflow/example_dags/example_complex.py
[2024-02-15T11:35:18.571+0000] {processor.py:829} INFO - Processing file /home/airflow/.local/lib/python3.8/site-packages/airflow/example_dags/example_complex.py for tasks to queue
[2024-02-15T11:35:18.574+0000] {logging_mixin.py:151} INFO - [2024-02-15T11:35:18.573+0000] {dagbag.py:539} INFO - Filling up the DagBag from /home/airflow/.local/lib/python3.8/site-packages/airflow/example_dags/example_complex.py
[2024-02-15T11:35:18.591+0000] {processor.py:839} INFO - DAG(s) dict_keys(['example_complex']) retrieved from /home/airflow/.local/lib/python3.8/site-packages/airflow/example_dags/example_complex.py
[2024-02-15T11:35:18.617+0000] {logging_mixin.py:151} INFO - [2024-02-15T11:35:18.617+0000] {dag.py:2907} INFO - Sync 1 DAGs
[2024-02-15T11:35:18.631+0000] {logging_mixin.py:151} INFO - [2024-02-15T11:35:18.631+0000] {dag.py:3677} INFO - Setting next_dagrun for example_complex to None, run_after=None
[2024-02-15T11:35:18.763+0000] {processor.py:179} INFO - Processing /home/airflow/.local/lib/python3.8/site-packages/airflow/example_dags/example_complex.py took 0.197 seconds
[2024-02-15T11:35:49.355+0000] {processor.py:157} INFO - Started process (PID=99) to work on /home/airflow/.local/lib/python3.8/site-packages/airflow/example_dags/example_complex.py
[2024-02-15T11:35:49.357+0000] {processor.py:829} INFO - Processing file /home/airflow/.local/lib/python3.8/site-packages/airflow/example_dags/example_complex.py for tasks to queue
[2024-02-15T11:35:49.358+0000] {logging_mixin.py:151} INFO - [2024-02-15T11:35:49.358+0000] {dagbag.py:539} INFO - Filling up the DagBag from /home/airflow/.local/lib/python3.8/site-packages/airflow/example_dags/example_complex.py
[2024-02-15T11:35:49.364+0000] {processor.py:839} INFO - DAG(s) dict_keys(['example_complex']) retrieved from /home/airflow/.local/lib/python3.8/site-packages/airflow/example_dags/example_complex.py
[2024-02-15T11:35:49.381+0000] {logging_mixin.py:151} INFO - [2024-02-15T11:35:49.381+0000] {dag.py:2907} INFO - Sync 1 DAGs
[2024-02-15T11:35:49.387+0000] {logging_mixin.py:151} INFO - [2024-02-15T11:35:49.387+0000] {dag.py:3677} INFO - Setting next_dagrun for example_complex to None, run_after=None
[2024-02-15T11:35:49.395+0000] {processor.py:179} INFO - Processing /home/airflow/.local/lib/python3.8/site-packages/airflow/example_dags/example_complex.py took 0.043 seconds
[2024-02-15T11:36:20.358+0000] {processor.py:157} INFO - Started process (PID=152) to work on /home/airflow/.local/lib/python3.8/site-packages/airflow/example_dags/example_complex.py
[2024-02-15T11:36:20.359+0000] {processor.py:829} INFO - Processing file /home/airflow/.local/lib/python3.8/site-packages/airflow/example_dags/example_complex.py for tasks to queue
[2024-02-15T11:36:20.360+0000] {logging_mixin.py:151} INFO - [2024-02-15T11:36:20.360+0000] {dagbag.py:539} INFO - Filling up the DagBag from /home/airflow/.local/lib/python3.8/site-packages/airflow/example_dags/example_complex.py
[2024-02-15T11:36:20.365+0000] {processor.py:839} INFO - DAG(s) dict_keys(['example_complex']) retrieved from /home/airflow/.local/lib/python3.8/site-packages/airflow/example_dags/example_complex.py
[2024-02-15T11:36:20.381+0000] {logging_mixin.py:151} INFO - [2024-02-15T11:36:20.381+0000] {dag.py:2907} INFO - Sync 1 DAGs
[2024-02-15T11:36:20.387+0000] {logging_mixin.py:151} INFO - [2024-02-15T11:36:20.387+0000] {dag.py:3677} INFO - Setting next_dagrun for example_complex to None, run_after=None
[2024-02-15T11:36:20.395+0000] {processor.py:179} INFO - Processing /home/airflow/.local/lib/python3.8/site-packages/airflow/example_dags/example_complex.py took 0.039 seconds
