[2024-02-15T11:35:17.774+0000] {processor.py:157} INFO - Started process (PID=38) to work on /home/airflow/.local/lib/python3.8/site-packages/airflow/example_dags/example_subdag_operator.py
[2024-02-15T11:35:17.775+0000] {processor.py:829} INFO - Processing file /home/airflow/.local/lib/python3.8/site-packages/airflow/example_dags/example_subdag_operator.py for tasks to queue
[2024-02-15T11:35:17.779+0000] {logging_mixin.py:151} INFO - [2024-02-15T11:35:17.778+0000] {dagbag.py:539} INFO - Filling up the DagBag from /home/airflow/.local/lib/python3.8/site-packages/airflow/example_dags/example_subdag_operator.py
[2024-02-15T11:35:17.802+0000] {processor.py:839} INFO - DAG(s) dict_keys(['example_subdag_operator.section-1', 'example_subdag_operator.section-2', 'example_subdag_operator']) retrieved from /home/airflow/.local/lib/python3.8/site-packages/airflow/example_dags/example_subdag_operator.py
[2024-02-15T11:35:17.805+0000] {logging_mixin.py:151} INFO - [2024-02-15T11:35:17.805+0000] {dag.py:2907} INFO - Sync 3 DAGs
[2024-02-15T11:35:17.820+0000] {logging_mixin.py:151} INFO - [2024-02-15T11:35:17.819+0000] {dag.py:3677} INFO - Setting next_dagrun for example_subdag_operator to 2022-01-01T00:00:00+00:00, run_after=2022-01-01T00:00:00+00:00
[2024-02-15T11:35:17.824+0000] {logging_mixin.py:151} INFO - [2024-02-15T11:35:17.824+0000] {dag.py:3677} INFO - Setting next_dagrun for example_subdag_operator.section-1 to None, run_after=None
[2024-02-15T11:35:17.826+0000] {logging_mixin.py:151} INFO - [2024-02-15T11:35:17.826+0000] {dag.py:3677} INFO - Setting next_dagrun for example_subdag_operator.section-2 to None, run_after=None
[2024-02-15T11:35:17.975+0000] {logging_mixin.py:151} INFO - [2024-02-15T11:35:17.975+0000] {dag.py:2907} INFO - Sync 2 DAGs
[2024-02-15T11:35:17.982+0000] {logging_mixin.py:151} INFO - [2024-02-15T11:35:17.981+0000] {dag.py:3677} INFO - Setting next_dagrun for example_subdag_operator.section-1 to None, run_after=None
[2024-02-15T11:35:17.983+0000] {logging_mixin.py:151} INFO - [2024-02-15T11:35:17.983+0000] {dag.py:3677} INFO - Setting next_dagrun for example_subdag_operator.section-2 to None, run_after=None
[2024-02-15T11:35:17.992+0000] {processor.py:179} INFO - Processing /home/airflow/.local/lib/python3.8/site-packages/airflow/example_dags/example_subdag_operator.py took 0.222 seconds
[2024-02-15T11:35:48.079+0000] {processor.py:157} INFO - Started process (PID=91) to work on /home/airflow/.local/lib/python3.8/site-packages/airflow/example_dags/example_subdag_operator.py
[2024-02-15T11:35:48.080+0000] {processor.py:829} INFO - Processing file /home/airflow/.local/lib/python3.8/site-packages/airflow/example_dags/example_subdag_operator.py for tasks to queue
[2024-02-15T11:35:48.081+0000] {logging_mixin.py:151} INFO - [2024-02-15T11:35:48.081+0000] {dagbag.py:539} INFO - Filling up the DagBag from /home/airflow/.local/lib/python3.8/site-packages/airflow/example_dags/example_subdag_operator.py
[2024-02-15T11:35:48.097+0000] {processor.py:839} INFO - DAG(s) dict_keys(['example_subdag_operator.section-1', 'example_subdag_operator.section-2', 'example_subdag_operator']) retrieved from /home/airflow/.local/lib/python3.8/site-packages/airflow/example_dags/example_subdag_operator.py
[2024-02-15T11:35:48.104+0000] {logging_mixin.py:151} INFO - [2024-02-15T11:35:48.104+0000] {dag.py:2907} INFO - Sync 3 DAGs
[2024-02-15T11:35:48.114+0000] {logging_mixin.py:151} INFO - [2024-02-15T11:35:48.114+0000] {dag.py:3677} INFO - Setting next_dagrun for example_subdag_operator to 2022-01-01T00:00:00+00:00, run_after=2022-01-01T00:00:00+00:00
[2024-02-15T11:35:48.117+0000] {logging_mixin.py:151} INFO - [2024-02-15T11:35:48.117+0000] {dag.py:3677} INFO - Setting next_dagrun for example_subdag_operator.section-1 to None, run_after=None
[2024-02-15T11:35:48.118+0000] {logging_mixin.py:151} INFO - [2024-02-15T11:35:48.117+0000] {dag.py:3677} INFO - Setting next_dagrun for example_subdag_operator.section-2 to None, run_after=None
[2024-02-15T11:35:48.121+0000] {logging_mixin.py:151} INFO - [2024-02-15T11:35:48.121+0000] {dag.py:2907} INFO - Sync 2 DAGs
[2024-02-15T11:35:48.124+0000] {logging_mixin.py:151} INFO - [2024-02-15T11:35:48.124+0000] {dag.py:3677} INFO - Setting next_dagrun for example_subdag_operator.section-1 to None, run_after=None
[2024-02-15T11:35:48.124+0000] {logging_mixin.py:151} INFO - [2024-02-15T11:35:48.124+0000] {dag.py:3677} INFO - Setting next_dagrun for example_subdag_operator.section-2 to None, run_after=None
[2024-02-15T11:35:48.130+0000] {processor.py:179} INFO - Processing /home/airflow/.local/lib/python3.8/site-packages/airflow/example_dags/example_subdag_operator.py took 0.052 seconds
[2024-02-15T11:36:19.047+0000] {processor.py:157} INFO - Started process (PID=144) to work on /home/airflow/.local/lib/python3.8/site-packages/airflow/example_dags/example_subdag_operator.py
[2024-02-15T11:36:19.049+0000] {processor.py:829} INFO - Processing file /home/airflow/.local/lib/python3.8/site-packages/airflow/example_dags/example_subdag_operator.py for tasks to queue
[2024-02-15T11:36:19.050+0000] {logging_mixin.py:151} INFO - [2024-02-15T11:36:19.050+0000] {dagbag.py:539} INFO - Filling up the DagBag from /home/airflow/.local/lib/python3.8/site-packages/airflow/example_dags/example_subdag_operator.py
[2024-02-15T11:36:19.065+0000] {processor.py:839} INFO - DAG(s) dict_keys(['example_subdag_operator.section-1', 'example_subdag_operator.section-2', 'example_subdag_operator']) retrieved from /home/airflow/.local/lib/python3.8/site-packages/airflow/example_dags/example_subdag_operator.py
[2024-02-15T11:36:19.072+0000] {logging_mixin.py:151} INFO - [2024-02-15T11:36:19.072+0000] {dag.py:2907} INFO - Sync 3 DAGs
[2024-02-15T11:36:19.082+0000] {logging_mixin.py:151} INFO - [2024-02-15T11:36:19.082+0000] {dag.py:3677} INFO - Setting next_dagrun for example_subdag_operator to 2022-01-01T00:00:00+00:00, run_after=2022-01-01T00:00:00+00:00
[2024-02-15T11:36:19.084+0000] {logging_mixin.py:151} INFO - [2024-02-15T11:36:19.084+0000] {dag.py:3677} INFO - Setting next_dagrun for example_subdag_operator.section-1 to None, run_after=None
[2024-02-15T11:36:19.085+0000] {logging_mixin.py:151} INFO - [2024-02-15T11:36:19.084+0000] {dag.py:3677} INFO - Setting next_dagrun for example_subdag_operator.section-2 to None, run_after=None
[2024-02-15T11:36:19.087+0000] {logging_mixin.py:151} INFO - [2024-02-15T11:36:19.087+0000] {dag.py:2907} INFO - Sync 2 DAGs
[2024-02-15T11:36:19.090+0000] {logging_mixin.py:151} INFO - [2024-02-15T11:36:19.090+0000] {dag.py:3677} INFO - Setting next_dagrun for example_subdag_operator.section-1 to None, run_after=None
[2024-02-15T11:36:19.090+0000] {logging_mixin.py:151} INFO - [2024-02-15T11:36:19.090+0000] {dag.py:3677} INFO - Setting next_dagrun for example_subdag_operator.section-2 to None, run_after=None
[2024-02-15T11:36:19.094+0000] {processor.py:179} INFO - Processing /home/airflow/.local/lib/python3.8/site-packages/airflow/example_dags/example_subdag_operator.py took 0.049 seconds
