[2024-02-15T11:35:17.540+0000] {processor.py:157} INFO - Started process (PID=33) to work on /home/airflow/.local/lib/python3.8/site-packages/airflow/example_dags/example_setup_teardown_taskflow.py
[2024-02-15T11:35:17.541+0000] {processor.py:829} INFO - Processing file /home/airflow/.local/lib/python3.8/site-packages/airflow/example_dags/example_setup_teardown_taskflow.py for tasks to queue
[2024-02-15T11:35:17.542+0000] {logging_mixin.py:151} INFO - [2024-02-15T11:35:17.542+0000] {dagbag.py:539} INFO - Filling up the DagBag from /home/airflow/.local/lib/python3.8/site-packages/airflow/example_dags/example_setup_teardown_taskflow.py
[2024-02-15T11:35:17.548+0000] {processor.py:839} INFO - DAG(s) dict_keys(['example_setup_teardown_taskflow']) retrieved from /home/airflow/.local/lib/python3.8/site-packages/airflow/example_dags/example_setup_teardown_taskflow.py
[2024-02-15T11:35:17.557+0000] {logging_mixin.py:151} INFO - [2024-02-15T11:35:17.557+0000] {dag.py:2907} INFO - Sync 1 DAGs
[2024-02-15T11:35:17.567+0000] {logging_mixin.py:151} INFO - [2024-02-15T11:35:17.567+0000] {dag.py:3677} INFO - Setting next_dagrun for example_setup_teardown_taskflow to 2024-02-14T11:35:17.567493+00:00, run_after=2024-02-15T11:35:17.567493+00:00
[2024-02-15T11:35:17.575+0000] {processor.py:179} INFO - Processing /home/airflow/.local/lib/python3.8/site-packages/airflow/example_dags/example_setup_teardown_taskflow.py took 0.037 seconds
[2024-02-15T11:35:47.931+0000] {processor.py:157} INFO - Started process (PID=86) to work on /home/airflow/.local/lib/python3.8/site-packages/airflow/example_dags/example_setup_teardown_taskflow.py
[2024-02-15T11:35:47.932+0000] {processor.py:829} INFO - Processing file /home/airflow/.local/lib/python3.8/site-packages/airflow/example_dags/example_setup_teardown_taskflow.py for tasks to queue
[2024-02-15T11:35:47.933+0000] {logging_mixin.py:151} INFO - [2024-02-15T11:35:47.933+0000] {dagbag.py:539} INFO - Filling up the DagBag from /home/airflow/.local/lib/python3.8/site-packages/airflow/example_dags/example_setup_teardown_taskflow.py
[2024-02-15T11:35:47.938+0000] {processor.py:839} INFO - DAG(s) dict_keys(['example_setup_teardown_taskflow']) retrieved from /home/airflow/.local/lib/python3.8/site-packages/airflow/example_dags/example_setup_teardown_taskflow.py
[2024-02-15T11:35:47.951+0000] {logging_mixin.py:151} INFO - [2024-02-15T11:35:47.951+0000] {dag.py:2907} INFO - Sync 1 DAGs
[2024-02-15T11:35:47.961+0000] {logging_mixin.py:151} INFO - [2024-02-15T11:35:47.961+0000] {dag.py:3677} INFO - Setting next_dagrun for example_setup_teardown_taskflow to 2024-02-14T11:35:47.961195+00:00, run_after=2024-02-15T11:35:47.961195+00:00
[2024-02-15T11:35:47.969+0000] {processor.py:179} INFO - Processing /home/airflow/.local/lib/python3.8/site-packages/airflow/example_dags/example_setup_teardown_taskflow.py took 0.040 seconds
[2024-02-15T11:36:18.930+0000] {processor.py:157} INFO - Started process (PID=139) to work on /home/airflow/.local/lib/python3.8/site-packages/airflow/example_dags/example_setup_teardown_taskflow.py
[2024-02-15T11:36:18.931+0000] {processor.py:829} INFO - Processing file /home/airflow/.local/lib/python3.8/site-packages/airflow/example_dags/example_setup_teardown_taskflow.py for tasks to queue
[2024-02-15T11:36:18.933+0000] {logging_mixin.py:151} INFO - [2024-02-15T11:36:18.933+0000] {dagbag.py:539} INFO - Filling up the DagBag from /home/airflow/.local/lib/python3.8/site-packages/airflow/example_dags/example_setup_teardown_taskflow.py
[2024-02-15T11:36:18.939+0000] {processor.py:839} INFO - DAG(s) dict_keys(['example_setup_teardown_taskflow']) retrieved from /home/airflow/.local/lib/python3.8/site-packages/airflow/example_dags/example_setup_teardown_taskflow.py
[2024-02-15T11:36:18.954+0000] {logging_mixin.py:151} INFO - [2024-02-15T11:36:18.954+0000] {dag.py:2907} INFO - Sync 1 DAGs
[2024-02-15T11:36:18.966+0000] {logging_mixin.py:151} INFO - [2024-02-15T11:36:18.966+0000] {dag.py:3677} INFO - Setting next_dagrun for example_setup_teardown_taskflow to 2024-02-14T11:36:18.965831+00:00, run_after=2024-02-15T11:36:18.965831+00:00
[2024-02-15T11:36:18.975+0000] {processor.py:179} INFO - Processing /home/airflow/.local/lib/python3.8/site-packages/airflow/example_dags/example_setup_teardown_taskflow.py took 0.046 seconds
