[2024-02-15T11:35:18.174+0000] {processor.py:157} INFO - Started process (PID=44) to work on /home/airflow/.local/lib/python3.8/site-packages/airflow/example_dags/example_latest_only_with_trigger.py
[2024-02-15T11:35:18.176+0000] {processor.py:829} INFO - Processing file /home/airflow/.local/lib/python3.8/site-packages/airflow/example_dags/example_latest_only_with_trigger.py for tasks to queue
[2024-02-15T11:35:18.179+0000] {logging_mixin.py:151} INFO - [2024-02-15T11:35:18.179+0000] {dagbag.py:539} INFO - Filling up the DagBag from /home/airflow/.local/lib/python3.8/site-packages/airflow/example_dags/example_latest_only_with_trigger.py
[2024-02-15T11:35:18.187+0000] {processor.py:839} INFO - DAG(s) dict_keys(['latest_only_with_trigger']) retrieved from /home/airflow/.local/lib/python3.8/site-packages/airflow/example_dags/example_latest_only_with_trigger.py
[2024-02-15T11:35:18.205+0000] {logging_mixin.py:151} INFO - [2024-02-15T11:35:18.205+0000] {dag.py:2907} INFO - Sync 1 DAGs
[2024-02-15T11:35:18.226+0000] {logging_mixin.py:151} INFO - [2024-02-15T11:35:18.226+0000] {dag.py:3677} INFO - Setting next_dagrun for latest_only_with_trigger to 2024-02-15T07:35:18.226148+00:00, run_after=2024-02-15T11:35:18.226148+00:00
[2024-02-15T11:35:18.347+0000] {processor.py:179} INFO - Processing /home/airflow/.local/lib/python3.8/site-packages/airflow/example_dags/example_latest_only_with_trigger.py took 0.178 seconds
[2024-02-15T11:35:49.262+0000] {processor.py:157} INFO - Started process (PID=97) to work on /home/airflow/.local/lib/python3.8/site-packages/airflow/example_dags/example_latest_only_with_trigger.py
[2024-02-15T11:35:49.264+0000] {processor.py:829} INFO - Processing file /home/airflow/.local/lib/python3.8/site-packages/airflow/example_dags/example_latest_only_with_trigger.py for tasks to queue
[2024-02-15T11:35:49.266+0000] {logging_mixin.py:151} INFO - [2024-02-15T11:35:49.265+0000] {dagbag.py:539} INFO - Filling up the DagBag from /home/airflow/.local/lib/python3.8/site-packages/airflow/example_dags/example_latest_only_with_trigger.py
[2024-02-15T11:35:49.271+0000] {processor.py:839} INFO - DAG(s) dict_keys(['latest_only_with_trigger']) retrieved from /home/airflow/.local/lib/python3.8/site-packages/airflow/example_dags/example_latest_only_with_trigger.py
[2024-02-15T11:35:49.300+0000] {logging_mixin.py:151} INFO - [2024-02-15T11:35:49.300+0000] {dag.py:2907} INFO - Sync 1 DAGs
[2024-02-15T11:35:49.324+0000] {logging_mixin.py:151} INFO - [2024-02-15T11:35:49.324+0000] {dag.py:3677} INFO - Setting next_dagrun for latest_only_with_trigger to 2024-02-15T07:35:49.324111+00:00, run_after=2024-02-15T11:35:49.324111+00:00
[2024-02-15T11:35:49.335+0000] {processor.py:179} INFO - Processing /home/airflow/.local/lib/python3.8/site-packages/airflow/example_dags/example_latest_only_with_trigger.py took 0.076 seconds
[2024-02-15T11:36:20.283+0000] {processor.py:157} INFO - Started process (PID=150) to work on /home/airflow/.local/lib/python3.8/site-packages/airflow/example_dags/example_latest_only_with_trigger.py
[2024-02-15T11:36:20.285+0000] {processor.py:829} INFO - Processing file /home/airflow/.local/lib/python3.8/site-packages/airflow/example_dags/example_latest_only_with_trigger.py for tasks to queue
[2024-02-15T11:36:20.289+0000] {logging_mixin.py:151} INFO - [2024-02-15T11:36:20.288+0000] {dagbag.py:539} INFO - Filling up the DagBag from /home/airflow/.local/lib/python3.8/site-packages/airflow/example_dags/example_latest_only_with_trigger.py
[2024-02-15T11:36:20.296+0000] {processor.py:839} INFO - DAG(s) dict_keys(['latest_only_with_trigger']) retrieved from /home/airflow/.local/lib/python3.8/site-packages/airflow/example_dags/example_latest_only_with_trigger.py
[2024-02-15T11:36:20.319+0000] {logging_mixin.py:151} INFO - [2024-02-15T11:36:20.319+0000] {dag.py:2907} INFO - Sync 1 DAGs
[2024-02-15T11:36:20.334+0000] {logging_mixin.py:151} INFO - [2024-02-15T11:36:20.334+0000] {dag.py:3677} INFO - Setting next_dagrun for latest_only_with_trigger to 2024-02-15T07:36:20.334396+00:00, run_after=2024-02-15T11:36:20.334396+00:00
[2024-02-15T11:36:20.344+0000] {processor.py:179} INFO - Processing /home/airflow/.local/lib/python3.8/site-packages/airflow/example_dags/example_latest_only_with_trigger.py took 0.066 seconds
