[2024-02-15T11:35:21.848+0000] {processor.py:157} INFO - Started process (PID=59) to work on /home/airflow/.local/lib/python3.8/site-packages/airflow/example_dags/example_branch_labels.py
[2024-02-15T11:35:21.851+0000] {processor.py:829} INFO - Processing file /home/airflow/.local/lib/python3.8/site-packages/airflow/example_dags/example_branch_labels.py for tasks to queue
[2024-02-15T11:35:21.854+0000] {logging_mixin.py:151} INFO - [2024-02-15T11:35:21.854+0000] {dagbag.py:539} INFO - Filling up the DagBag from /home/airflow/.local/lib/python3.8/site-packages/airflow/example_dags/example_branch_labels.py
[2024-02-15T11:35:21.863+0000] {processor.py:839} INFO - DAG(s) dict_keys(['example_branch_labels']) retrieved from /home/airflow/.local/lib/python3.8/site-packages/airflow/example_dags/example_branch_labels.py
[2024-02-15T11:35:21.878+0000] {logging_mixin.py:151} INFO - [2024-02-15T11:35:21.878+0000] {dag.py:2907} INFO - Sync 1 DAGs
[2024-02-15T11:35:22.030+0000] {logging_mixin.py:151} INFO - [2024-02-15T11:35:22.030+0000] {dag.py:3677} INFO - Setting next_dagrun for example_branch_labels to 2024-02-14T00:00:00+00:00, run_after=2024-02-15T00:00:00+00:00
[2024-02-15T11:35:22.038+0000] {processor.py:179} INFO - Processing /home/airflow/.local/lib/python3.8/site-packages/airflow/example_dags/example_branch_labels.py took 0.195 seconds
[2024-02-15T11:35:52.332+0000] {processor.py:157} INFO - Started process (PID=112) to work on /home/airflow/.local/lib/python3.8/site-packages/airflow/example_dags/example_branch_labels.py
[2024-02-15T11:35:52.333+0000] {processor.py:829} INFO - Processing file /home/airflow/.local/lib/python3.8/site-packages/airflow/example_dags/example_branch_labels.py for tasks to queue
[2024-02-15T11:35:52.334+0000] {logging_mixin.py:151} INFO - [2024-02-15T11:35:52.334+0000] {dagbag.py:539} INFO - Filling up the DagBag from /home/airflow/.local/lib/python3.8/site-packages/airflow/example_dags/example_branch_labels.py
[2024-02-15T11:35:52.339+0000] {processor.py:839} INFO - DAG(s) dict_keys(['example_branch_labels']) retrieved from /home/airflow/.local/lib/python3.8/site-packages/airflow/example_dags/example_branch_labels.py
[2024-02-15T11:35:52.373+0000] {logging_mixin.py:151} INFO - [2024-02-15T11:35:52.372+0000] {dag.py:2907} INFO - Sync 1 DAGs
[2024-02-15T11:35:52.396+0000] {logging_mixin.py:151} INFO - [2024-02-15T11:35:52.396+0000] {dag.py:3677} INFO - Setting next_dagrun for example_branch_labels to 2024-02-14T00:00:00+00:00, run_after=2024-02-15T00:00:00+00:00
[2024-02-15T11:35:52.413+0000] {processor.py:179} INFO - Processing /home/airflow/.local/lib/python3.8/site-packages/airflow/example_dags/example_branch_labels.py took 0.084 seconds
[2024-02-15T11:36:23.010+0000] {processor.py:157} INFO - Started process (PID=165) to work on /home/airflow/.local/lib/python3.8/site-packages/airflow/example_dags/example_branch_labels.py
[2024-02-15T11:36:23.011+0000] {processor.py:829} INFO - Processing file /home/airflow/.local/lib/python3.8/site-packages/airflow/example_dags/example_branch_labels.py for tasks to queue
[2024-02-15T11:36:23.012+0000] {logging_mixin.py:151} INFO - [2024-02-15T11:36:23.012+0000] {dagbag.py:539} INFO - Filling up the DagBag from /home/airflow/.local/lib/python3.8/site-packages/airflow/example_dags/example_branch_labels.py
[2024-02-15T11:36:23.016+0000] {processor.py:839} INFO - DAG(s) dict_keys(['example_branch_labels']) retrieved from /home/airflow/.local/lib/python3.8/site-packages/airflow/example_dags/example_branch_labels.py
[2024-02-15T11:36:23.030+0000] {logging_mixin.py:151} INFO - [2024-02-15T11:36:23.030+0000] {dag.py:2907} INFO - Sync 1 DAGs
[2024-02-15T11:36:23.045+0000] {logging_mixin.py:151} INFO - [2024-02-15T11:36:23.045+0000] {dag.py:3677} INFO - Setting next_dagrun for example_branch_labels to 2024-02-14T00:00:00+00:00, run_after=2024-02-15T00:00:00+00:00
[2024-02-15T11:36:23.054+0000] {processor.py:179} INFO - Processing /home/airflow/.local/lib/python3.8/site-packages/airflow/example_dags/example_branch_labels.py took 0.046 seconds
