[2024-02-15T11:35:18.219+0000] {processor.py:157} INFO - Started process (PID=45) to work on /home/airflow/.local/lib/python3.8/site-packages/airflow/example_dags/example_skip_dag.py
[2024-02-15T11:35:18.220+0000] {processor.py:829} INFO - Processing file /home/airflow/.local/lib/python3.8/site-packages/airflow/example_dags/example_skip_dag.py for tasks to queue
[2024-02-15T11:35:18.222+0000] {logging_mixin.py:151} INFO - [2024-02-15T11:35:18.222+0000] {dagbag.py:539} INFO - Filling up the DagBag from /home/airflow/.local/lib/python3.8/site-packages/airflow/example_dags/example_skip_dag.py
[2024-02-15T11:35:18.228+0000] {processor.py:839} INFO - DAG(s) dict_keys(['example_skip_dag']) retrieved from /home/airflow/.local/lib/python3.8/site-packages/airflow/example_dags/example_skip_dag.py
[2024-02-15T11:35:18.240+0000] {logging_mixin.py:151} INFO - [2024-02-15T11:35:18.240+0000] {dag.py:2907} INFO - Sync 1 DAGs
[2024-02-15T11:35:18.258+0000] {logging_mixin.py:151} INFO - [2024-02-15T11:35:18.258+0000] {dag.py:3677} INFO - Setting next_dagrun for example_skip_dag to 2024-02-14T11:35:18.258014+00:00, run_after=2024-02-15T11:35:18.258014+00:00
[2024-02-15T11:35:18.583+0000] {processor.py:179} INFO - Processing /home/airflow/.local/lib/python3.8/site-packages/airflow/example_dags/example_skip_dag.py took 0.366 seconds
[2024-02-15T11:35:49.264+0000] {processor.py:157} INFO - Started process (PID=98) to work on /home/airflow/.local/lib/python3.8/site-packages/airflow/example_dags/example_skip_dag.py
[2024-02-15T11:35:49.265+0000] {processor.py:829} INFO - Processing file /home/airflow/.local/lib/python3.8/site-packages/airflow/example_dags/example_skip_dag.py for tasks to queue
[2024-02-15T11:35:49.267+0000] {logging_mixin.py:151} INFO - [2024-02-15T11:35:49.267+0000] {dagbag.py:539} INFO - Filling up the DagBag from /home/airflow/.local/lib/python3.8/site-packages/airflow/example_dags/example_skip_dag.py
[2024-02-15T11:35:49.273+0000] {processor.py:839} INFO - DAG(s) dict_keys(['example_skip_dag']) retrieved from /home/airflow/.local/lib/python3.8/site-packages/airflow/example_dags/example_skip_dag.py
[2024-02-15T11:35:49.300+0000] {logging_mixin.py:151} INFO - [2024-02-15T11:35:49.300+0000] {dag.py:2907} INFO - Sync 1 DAGs
[2024-02-15T11:35:49.324+0000] {logging_mixin.py:151} INFO - [2024-02-15T11:35:49.324+0000] {dag.py:3677} INFO - Setting next_dagrun for example_skip_dag to 2024-02-14T11:35:49.323267+00:00, run_after=2024-02-15T11:35:49.323267+00:00
[2024-02-15T11:35:49.335+0000] {processor.py:179} INFO - Processing /home/airflow/.local/lib/python3.8/site-packages/airflow/example_dags/example_skip_dag.py took 0.074 seconds
[2024-02-15T11:36:20.293+0000] {processor.py:157} INFO - Started process (PID=151) to work on /home/airflow/.local/lib/python3.8/site-packages/airflow/example_dags/example_skip_dag.py
[2024-02-15T11:36:20.294+0000] {processor.py:829} INFO - Processing file /home/airflow/.local/lib/python3.8/site-packages/airflow/example_dags/example_skip_dag.py for tasks to queue
[2024-02-15T11:36:20.297+0000] {logging_mixin.py:151} INFO - [2024-02-15T11:36:20.297+0000] {dagbag.py:539} INFO - Filling up the DagBag from /home/airflow/.local/lib/python3.8/site-packages/airflow/example_dags/example_skip_dag.py
[2024-02-15T11:36:20.305+0000] {processor.py:839} INFO - DAG(s) dict_keys(['example_skip_dag']) retrieved from /home/airflow/.local/lib/python3.8/site-packages/airflow/example_dags/example_skip_dag.py
[2024-02-15T11:36:20.322+0000] {logging_mixin.py:151} INFO - [2024-02-15T11:36:20.322+0000] {dag.py:2907} INFO - Sync 1 DAGs
[2024-02-15T11:36:20.336+0000] {logging_mixin.py:151} INFO - [2024-02-15T11:36:20.336+0000] {dag.py:3677} INFO - Setting next_dagrun for example_skip_dag to 2024-02-14T11:36:20.336215+00:00, run_after=2024-02-15T11:36:20.336215+00:00
[2024-02-15T11:36:20.345+0000] {processor.py:179} INFO - Processing /home/airflow/.local/lib/python3.8/site-packages/airflow/example_dags/example_skip_dag.py took 0.055 seconds
