[2024-02-15T11:35:17.890+0000] {processor.py:157} INFO - Started process (PID=40) to work on /home/airflow/.local/lib/python3.8/site-packages/airflow/example_dags/example_sla_dag.py
[2024-02-15T11:35:17.893+0000] {processor.py:829} INFO - Processing file /home/airflow/.local/lib/python3.8/site-packages/airflow/example_dags/example_sla_dag.py for tasks to queue
[2024-02-15T11:35:17.897+0000] {logging_mixin.py:151} INFO - [2024-02-15T11:35:17.897+0000] {dagbag.py:539} INFO - Filling up the DagBag from /home/airflow/.local/lib/python3.8/site-packages/airflow/example_dags/example_sla_dag.py
[2024-02-15T11:35:17.910+0000] {processor.py:839} INFO - DAG(s) dict_keys(['example_sla_dag']) retrieved from /home/airflow/.local/lib/python3.8/site-packages/airflow/example_dags/example_sla_dag.py
[2024-02-15T11:35:17.947+0000] {logging_mixin.py:151} INFO - [2024-02-15T11:35:17.947+0000] {dag.py:2907} INFO - Sync 1 DAGs
[2024-02-15T11:35:17.967+0000] {logging_mixin.py:151} INFO - [2024-02-15T11:35:17.967+0000] {dag.py:3677} INFO - Setting next_dagrun for example_sla_dag to 2024-02-15T11:32:00+00:00, run_after=2024-02-15T11:34:00+00:00
[2024-02-15T11:35:17.983+0000] {processor.py:179} INFO - Processing /home/airflow/.local/lib/python3.8/site-packages/airflow/example_dags/example_sla_dag.py took 0.097 seconds
[2024-02-15T11:35:48.138+0000] {processor.py:157} INFO - Started process (PID=93) to work on /home/airflow/.local/lib/python3.8/site-packages/airflow/example_dags/example_sla_dag.py
[2024-02-15T11:35:48.139+0000] {processor.py:829} INFO - Processing file /home/airflow/.local/lib/python3.8/site-packages/airflow/example_dags/example_sla_dag.py for tasks to queue
[2024-02-15T11:35:48.141+0000] {logging_mixin.py:151} INFO - [2024-02-15T11:35:48.140+0000] {dagbag.py:539} INFO - Filling up the DagBag from /home/airflow/.local/lib/python3.8/site-packages/airflow/example_dags/example_sla_dag.py
[2024-02-15T11:35:48.145+0000] {processor.py:839} INFO - DAG(s) dict_keys(['example_sla_dag']) retrieved from /home/airflow/.local/lib/python3.8/site-packages/airflow/example_dags/example_sla_dag.py
[2024-02-15T11:35:48.158+0000] {logging_mixin.py:151} INFO - [2024-02-15T11:35:48.158+0000] {dag.py:2907} INFO - Sync 1 DAGs
[2024-02-15T11:35:48.169+0000] {logging_mixin.py:151} INFO - [2024-02-15T11:35:48.169+0000] {dag.py:3677} INFO - Setting next_dagrun for example_sla_dag to 2024-02-15T11:32:00+00:00, run_after=2024-02-15T11:34:00+00:00
[2024-02-15T11:35:48.176+0000] {processor.py:179} INFO - Processing /home/airflow/.local/lib/python3.8/site-packages/airflow/example_dags/example_sla_dag.py took 0.040 seconds
[2024-02-15T11:36:19.107+0000] {processor.py:157} INFO - Started process (PID=146) to work on /home/airflow/.local/lib/python3.8/site-packages/airflow/example_dags/example_sla_dag.py
[2024-02-15T11:36:19.108+0000] {processor.py:829} INFO - Processing file /home/airflow/.local/lib/python3.8/site-packages/airflow/example_dags/example_sla_dag.py for tasks to queue
[2024-02-15T11:36:19.110+0000] {logging_mixin.py:151} INFO - [2024-02-15T11:36:19.109+0000] {dagbag.py:539} INFO - Filling up the DagBag from /home/airflow/.local/lib/python3.8/site-packages/airflow/example_dags/example_sla_dag.py
[2024-02-15T11:36:19.114+0000] {processor.py:839} INFO - DAG(s) dict_keys(['example_sla_dag']) retrieved from /home/airflow/.local/lib/python3.8/site-packages/airflow/example_dags/example_sla_dag.py
[2024-02-15T11:36:19.127+0000] {logging_mixin.py:151} INFO - [2024-02-15T11:36:19.127+0000] {dag.py:2907} INFO - Sync 1 DAGs
[2024-02-15T11:36:19.139+0000] {logging_mixin.py:151} INFO - [2024-02-15T11:36:19.138+0000] {dag.py:3677} INFO - Setting next_dagrun for example_sla_dag to 2024-02-15T11:34:00+00:00, run_after=2024-02-15T11:36:00+00:00
[2024-02-15T11:36:19.148+0000] {processor.py:179} INFO - Processing /home/airflow/.local/lib/python3.8/site-packages/airflow/example_dags/example_sla_dag.py took 0.043 seconds
