[2024-02-15T11:35:18.998+0000] {processor.py:157} INFO - Started process (PID=50) to work on /home/airflow/.local/lib/python3.8/site-packages/airflow/example_dags/example_bash_operator.py
[2024-02-15T11:35:19.000+0000] {processor.py:829} INFO - Processing file /home/airflow/.local/lib/python3.8/site-packages/airflow/example_dags/example_bash_operator.py for tasks to queue
[2024-02-15T11:35:19.004+0000] {logging_mixin.py:151} INFO - [2024-02-15T11:35:19.003+0000] {dagbag.py:539} INFO - Filling up the DagBag from /home/airflow/.local/lib/python3.8/site-packages/airflow/example_dags/example_bash_operator.py
[2024-02-15T11:35:19.012+0000] {processor.py:839} INFO - DAG(s) dict_keys(['example_bash_operator']) retrieved from /home/airflow/.local/lib/python3.8/site-packages/airflow/example_dags/example_bash_operator.py
[2024-02-15T11:35:19.029+0000] {logging_mixin.py:151} INFO - [2024-02-15T11:35:19.029+0000] {dag.py:2907} INFO - Sync 1 DAGs
[2024-02-15T11:35:19.284+0000] {logging_mixin.py:151} INFO - [2024-02-15T11:35:19.284+0000] {dag.py:3677} INFO - Setting next_dagrun for example_bash_operator to 2024-02-14T00:00:00+00:00, run_after=2024-02-15T00:00:00+00:00
[2024-02-15T11:35:19.299+0000] {processor.py:179} INFO - Processing /home/airflow/.local/lib/python3.8/site-packages/airflow/example_dags/example_bash_operator.py took 0.306 seconds
[2024-02-15T11:35:49.596+0000] {processor.py:157} INFO - Started process (PID=103) to work on /home/airflow/.local/lib/python3.8/site-packages/airflow/example_dags/example_bash_operator.py
[2024-02-15T11:35:49.598+0000] {processor.py:829} INFO - Processing file /home/airflow/.local/lib/python3.8/site-packages/airflow/example_dags/example_bash_operator.py for tasks to queue
[2024-02-15T11:35:49.603+0000] {logging_mixin.py:151} INFO - [2024-02-15T11:35:49.602+0000] {dagbag.py:539} INFO - Filling up the DagBag from /home/airflow/.local/lib/python3.8/site-packages/airflow/example_dags/example_bash_operator.py
[2024-02-15T11:35:49.612+0000] {processor.py:839} INFO - DAG(s) dict_keys(['example_bash_operator']) retrieved from /home/airflow/.local/lib/python3.8/site-packages/airflow/example_dags/example_bash_operator.py
[2024-02-15T11:35:49.648+0000] {logging_mixin.py:151} INFO - [2024-02-15T11:35:49.647+0000] {dag.py:2907} INFO - Sync 1 DAGs
[2024-02-15T11:35:49.662+0000] {logging_mixin.py:151} INFO - [2024-02-15T11:35:49.662+0000] {dag.py:3677} INFO - Setting next_dagrun for example_bash_operator to 2024-02-14T00:00:00+00:00, run_after=2024-02-15T00:00:00+00:00
[2024-02-15T11:35:49.672+0000] {processor.py:179} INFO - Processing /home/airflow/.local/lib/python3.8/site-packages/airflow/example_dags/example_bash_operator.py took 0.079 seconds
[2024-02-15T11:36:20.513+0000] {processor.py:157} INFO - Started process (PID=156) to work on /home/airflow/.local/lib/python3.8/site-packages/airflow/example_dags/example_bash_operator.py
[2024-02-15T11:36:20.513+0000] {processor.py:829} INFO - Processing file /home/airflow/.local/lib/python3.8/site-packages/airflow/example_dags/example_bash_operator.py for tasks to queue
[2024-02-15T11:36:20.515+0000] {logging_mixin.py:151} INFO - [2024-02-15T11:36:20.515+0000] {dagbag.py:539} INFO - Filling up the DagBag from /home/airflow/.local/lib/python3.8/site-packages/airflow/example_dags/example_bash_operator.py
[2024-02-15T11:36:20.521+0000] {processor.py:839} INFO - DAG(s) dict_keys(['example_bash_operator']) retrieved from /home/airflow/.local/lib/python3.8/site-packages/airflow/example_dags/example_bash_operator.py
[2024-02-15T11:36:20.537+0000] {logging_mixin.py:151} INFO - [2024-02-15T11:36:20.537+0000] {dag.py:2907} INFO - Sync 1 DAGs
[2024-02-15T11:36:20.547+0000] {logging_mixin.py:151} INFO - [2024-02-15T11:36:20.547+0000] {dag.py:3677} INFO - Setting next_dagrun for example_bash_operator to 2024-02-14T00:00:00+00:00, run_after=2024-02-15T00:00:00+00:00
[2024-02-15T11:36:20.557+0000] {processor.py:179} INFO - Processing /home/airflow/.local/lib/python3.8/site-packages/airflow/example_dags/example_bash_operator.py took 0.047 seconds
