[2024-02-15T11:35:17.427+0000] {processor.py:157} INFO - Started process (PID=31) to work on /home/airflow/.local/lib/python3.8/site-packages/airflow/example_dags/example_params_trigger_ui.py
[2024-02-15T11:35:17.429+0000] {processor.py:829} INFO - Processing file /home/airflow/.local/lib/python3.8/site-packages/airflow/example_dags/example_params_trigger_ui.py for tasks to queue
[2024-02-15T11:35:17.432+0000] {logging_mixin.py:151} INFO - [2024-02-15T11:35:17.432+0000] {dagbag.py:539} INFO - Filling up the DagBag from /home/airflow/.local/lib/python3.8/site-packages/airflow/example_dags/example_params_trigger_ui.py
[2024-02-15T11:35:17.470+0000] {processor.py:839} INFO - DAG(s) dict_keys(['example_params_trigger_ui']) retrieved from /home/airflow/.local/lib/python3.8/site-packages/airflow/example_dags/example_params_trigger_ui.py
[2024-02-15T11:35:17.498+0000] {logging_mixin.py:151} INFO - [2024-02-15T11:35:17.498+0000] {dag.py:2907} INFO - Sync 1 DAGs
[2024-02-15T11:35:17.512+0000] {logging_mixin.py:151} INFO - [2024-02-15T11:35:17.512+0000] {dag.py:3677} INFO - Setting next_dagrun for example_params_trigger_ui to None, run_after=None
[2024-02-15T11:35:17.522+0000] {processor.py:179} INFO - Processing /home/airflow/.local/lib/python3.8/site-packages/airflow/example_dags/example_params_trigger_ui.py took 0.098 seconds
[2024-02-15T11:35:47.857+0000] {processor.py:157} INFO - Started process (PID=84) to work on /home/airflow/.local/lib/python3.8/site-packages/airflow/example_dags/example_params_trigger_ui.py
[2024-02-15T11:35:47.859+0000] {processor.py:829} INFO - Processing file /home/airflow/.local/lib/python3.8/site-packages/airflow/example_dags/example_params_trigger_ui.py for tasks to queue
[2024-02-15T11:35:47.862+0000] {logging_mixin.py:151} INFO - [2024-02-15T11:35:47.862+0000] {dagbag.py:539} INFO - Filling up the DagBag from /home/airflow/.local/lib/python3.8/site-packages/airflow/example_dags/example_params_trigger_ui.py
[2024-02-15T11:35:47.882+0000] {processor.py:839} INFO - DAG(s) dict_keys(['example_params_trigger_ui']) retrieved from /home/airflow/.local/lib/python3.8/site-packages/airflow/example_dags/example_params_trigger_ui.py
[2024-02-15T11:35:47.907+0000] {logging_mixin.py:151} INFO - [2024-02-15T11:35:47.907+0000] {dag.py:2907} INFO - Sync 1 DAGs
[2024-02-15T11:35:47.914+0000] {logging_mixin.py:151} INFO - [2024-02-15T11:35:47.914+0000] {dag.py:3677} INFO - Setting next_dagrun for example_params_trigger_ui to None, run_after=None
[2024-02-15T11:35:47.921+0000] {processor.py:179} INFO - Processing /home/airflow/.local/lib/python3.8/site-packages/airflow/example_dags/example_params_trigger_ui.py took 0.069 seconds
[2024-02-15T11:36:18.832+0000] {processor.py:157} INFO - Started process (PID=137) to work on /home/airflow/.local/lib/python3.8/site-packages/airflow/example_dags/example_params_trigger_ui.py
[2024-02-15T11:36:18.834+0000] {processor.py:829} INFO - Processing file /home/airflow/.local/lib/python3.8/site-packages/airflow/example_dags/example_params_trigger_ui.py for tasks to queue
[2024-02-15T11:36:18.839+0000] {logging_mixin.py:151} INFO - [2024-02-15T11:36:18.838+0000] {dagbag.py:539} INFO - Filling up the DagBag from /home/airflow/.local/lib/python3.8/site-packages/airflow/example_dags/example_params_trigger_ui.py
[2024-02-15T11:36:18.872+0000] {processor.py:839} INFO - DAG(s) dict_keys(['example_params_trigger_ui']) retrieved from /home/airflow/.local/lib/python3.8/site-packages/airflow/example_dags/example_params_trigger_ui.py
[2024-02-15T11:36:18.905+0000] {logging_mixin.py:151} INFO - [2024-02-15T11:36:18.905+0000] {dag.py:2907} INFO - Sync 1 DAGs
[2024-02-15T11:36:18.912+0000] {logging_mixin.py:151} INFO - [2024-02-15T11:36:18.912+0000] {dag.py:3677} INFO - Setting next_dagrun for example_params_trigger_ui to None, run_after=None
[2024-02-15T11:36:18.921+0000] {processor.py:179} INFO - Processing /home/airflow/.local/lib/python3.8/site-packages/airflow/example_dags/example_params_trigger_ui.py took 0.096 seconds
