[2024-02-15T11:35:22.740+0000] {processor.py:157} INFO - Started process (PID=68) to work on /home/airflow/.local/lib/python3.8/site-packages/airflow/example_dags/example_dag_decorator.py
[2024-02-15T11:35:22.741+0000] {processor.py:829} INFO - Processing file /home/airflow/.local/lib/python3.8/site-packages/airflow/example_dags/example_dag_decorator.py for tasks to queue
[2024-02-15T11:35:22.743+0000] {logging_mixin.py:151} INFO - [2024-02-15T11:35:22.742+0000] {dagbag.py:539} INFO - Filling up the DagBag from /home/airflow/.local/lib/python3.8/site-packages/airflow/example_dags/example_dag_decorator.py
[2024-02-15T11:35:22.973+0000] {processor.py:839} INFO - DAG(s) dict_keys(['example_dag_decorator']) retrieved from /home/airflow/.local/lib/python3.8/site-packages/airflow/example_dags/example_dag_decorator.py
[2024-02-15T11:35:22.982+0000] {logging_mixin.py:151} INFO - [2024-02-15T11:35:22.982+0000] {dag.py:2907} INFO - Sync 1 DAGs
[2024-02-15T11:35:22.990+0000] {logging_mixin.py:151} INFO - [2024-02-15T11:35:22.989+0000] {dag.py:3677} INFO - Setting next_dagrun for example_dag_decorator to None, run_after=None
[2024-02-15T11:35:22.999+0000] {processor.py:179} INFO - Processing /home/airflow/.local/lib/python3.8/site-packages/airflow/example_dags/example_dag_decorator.py took 0.261 seconds
[2024-02-15T11:35:53.101+0000] {processor.py:157} INFO - Started process (PID=122) to work on /home/airflow/.local/lib/python3.8/site-packages/airflow/example_dags/example_dag_decorator.py
[2024-02-15T11:35:53.105+0000] {processor.py:829} INFO - Processing file /home/airflow/.local/lib/python3.8/site-packages/airflow/example_dags/example_dag_decorator.py for tasks to queue
[2024-02-15T11:35:53.110+0000] {logging_mixin.py:151} INFO - [2024-02-15T11:35:53.109+0000] {dagbag.py:539} INFO - Filling up the DagBag from /home/airflow/.local/lib/python3.8/site-packages/airflow/example_dags/example_dag_decorator.py
[2024-02-15T11:35:53.162+0000] {processor.py:839} INFO - DAG(s) dict_keys(['example_dag_decorator']) retrieved from /home/airflow/.local/lib/python3.8/site-packages/airflow/example_dags/example_dag_decorator.py
[2024-02-15T11:35:53.225+0000] {logging_mixin.py:151} INFO - [2024-02-15T11:35:53.225+0000] {dag.py:2907} INFO - Sync 1 DAGs
[2024-02-15T11:35:53.230+0000] {logging_mixin.py:151} INFO - [2024-02-15T11:35:53.230+0000] {dag.py:3677} INFO - Setting next_dagrun for example_dag_decorator to None, run_after=None
[2024-02-15T11:35:53.239+0000] {processor.py:179} INFO - Processing /home/airflow/.local/lib/python3.8/site-packages/airflow/example_dags/example_dag_decorator.py took 0.142 seconds
[2024-02-15T11:36:23.406+0000] {processor.py:157} INFO - Started process (PID=175) to work on /home/airflow/.local/lib/python3.8/site-packages/airflow/example_dags/example_dag_decorator.py
[2024-02-15T11:36:23.407+0000] {processor.py:829} INFO - Processing file /home/airflow/.local/lib/python3.8/site-packages/airflow/example_dags/example_dag_decorator.py for tasks to queue
[2024-02-15T11:36:23.409+0000] {logging_mixin.py:151} INFO - [2024-02-15T11:36:23.409+0000] {dagbag.py:539} INFO - Filling up the DagBag from /home/airflow/.local/lib/python3.8/site-packages/airflow/example_dags/example_dag_decorator.py
[2024-02-15T11:36:23.447+0000] {processor.py:839} INFO - DAG(s) dict_keys(['example_dag_decorator']) retrieved from /home/airflow/.local/lib/python3.8/site-packages/airflow/example_dags/example_dag_decorator.py
[2024-02-15T11:36:23.502+0000] {logging_mixin.py:151} INFO - [2024-02-15T11:36:23.502+0000] {dag.py:2907} INFO - Sync 1 DAGs
[2024-02-15T11:36:23.511+0000] {logging_mixin.py:151} INFO - [2024-02-15T11:36:23.510+0000] {dag.py:3677} INFO - Setting next_dagrun for example_dag_decorator to None, run_after=None
[2024-02-15T11:36:23.527+0000] {processor.py:179} INFO - Processing /home/airflow/.local/lib/python3.8/site-packages/airflow/example_dags/example_dag_decorator.py took 0.123 seconds
