[2024-02-15T11:35:23.032+0000] {processor.py:157} INFO - Started process (PID=71) to work on /home/airflow/.local/lib/python3.8/site-packages/airflow/example_dags/example_xcomargs.py
[2024-02-15T11:35:23.036+0000] {processor.py:829} INFO - Processing file /home/airflow/.local/lib/python3.8/site-packages/airflow/example_dags/example_xcomargs.py for tasks to queue
[2024-02-15T11:35:23.042+0000] {logging_mixin.py:151} INFO - [2024-02-15T11:35:23.041+0000] {dagbag.py:539} INFO - Filling up the DagBag from /home/airflow/.local/lib/python3.8/site-packages/airflow/example_dags/example_xcomargs.py
[2024-02-15T11:35:23.165+0000] {processor.py:839} INFO - DAG(s) dict_keys(['example_xcom_args', 'example_xcom_args_with_operators']) retrieved from /home/airflow/.local/lib/python3.8/site-packages/airflow/example_dags/example_xcomargs.py
[2024-02-15T11:35:23.174+0000] {logging_mixin.py:151} INFO - [2024-02-15T11:35:23.174+0000] {dag.py:2907} INFO - Sync 2 DAGs
[2024-02-15T11:35:23.181+0000] {logging_mixin.py:151} INFO - [2024-02-15T11:35:23.180+0000] {dag.py:3677} INFO - Setting next_dagrun for example_xcom_args to None, run_after=None
[2024-02-15T11:35:23.183+0000] {logging_mixin.py:151} INFO - [2024-02-15T11:35:23.183+0000] {dag.py:3677} INFO - Setting next_dagrun for example_xcom_args_with_operators to None, run_after=None
[2024-02-15T11:35:23.190+0000] {processor.py:179} INFO - Processing /home/airflow/.local/lib/python3.8/site-packages/airflow/example_dags/example_xcomargs.py took 0.162 seconds
[2024-02-15T11:35:53.221+0000] {processor.py:157} INFO - Started process (PID=124) to work on /home/airflow/.local/lib/python3.8/site-packages/airflow/example_dags/example_xcomargs.py
[2024-02-15T11:35:53.223+0000] {processor.py:829} INFO - Processing file /home/airflow/.local/lib/python3.8/site-packages/airflow/example_dags/example_xcomargs.py for tasks to queue
[2024-02-15T11:35:53.224+0000] {logging_mixin.py:151} INFO - [2024-02-15T11:35:53.224+0000] {dagbag.py:539} INFO - Filling up the DagBag from /home/airflow/.local/lib/python3.8/site-packages/airflow/example_dags/example_xcomargs.py
[2024-02-15T11:35:53.229+0000] {processor.py:839} INFO - DAG(s) dict_keys(['example_xcom_args_with_operators', 'example_xcom_args']) retrieved from /home/airflow/.local/lib/python3.8/site-packages/airflow/example_dags/example_xcomargs.py
[2024-02-15T11:35:53.246+0000] {logging_mixin.py:151} INFO - [2024-02-15T11:35:53.246+0000] {dag.py:2907} INFO - Sync 2 DAGs
[2024-02-15T11:35:53.254+0000] {logging_mixin.py:151} INFO - [2024-02-15T11:35:53.254+0000] {dag.py:3677} INFO - Setting next_dagrun for example_xcom_args to None, run_after=None
[2024-02-15T11:35:53.256+0000] {logging_mixin.py:151} INFO - [2024-02-15T11:35:53.256+0000] {dag.py:3677} INFO - Setting next_dagrun for example_xcom_args_with_operators to None, run_after=None
[2024-02-15T11:35:53.275+0000] {processor.py:179} INFO - Processing /home/airflow/.local/lib/python3.8/site-packages/airflow/example_dags/example_xcomargs.py took 0.055 seconds
[2024-02-15T11:36:23.490+0000] {processor.py:157} INFO - Started process (PID=177) to work on /home/airflow/.local/lib/python3.8/site-packages/airflow/example_dags/example_xcomargs.py
[2024-02-15T11:36:23.490+0000] {processor.py:829} INFO - Processing file /home/airflow/.local/lib/python3.8/site-packages/airflow/example_dags/example_xcomargs.py for tasks to queue
[2024-02-15T11:36:23.492+0000] {logging_mixin.py:151} INFO - [2024-02-15T11:36:23.492+0000] {dagbag.py:539} INFO - Filling up the DagBag from /home/airflow/.local/lib/python3.8/site-packages/airflow/example_dags/example_xcomargs.py
[2024-02-15T11:36:23.496+0000] {processor.py:839} INFO - DAG(s) dict_keys(['example_xcom_args', 'example_xcom_args_with_operators']) retrieved from /home/airflow/.local/lib/python3.8/site-packages/airflow/example_dags/example_xcomargs.py
[2024-02-15T11:36:23.513+0000] {logging_mixin.py:151} INFO - [2024-02-15T11:36:23.512+0000] {dag.py:2907} INFO - Sync 2 DAGs
[2024-02-15T11:36:23.525+0000] {logging_mixin.py:151} INFO - [2024-02-15T11:36:23.525+0000] {dag.py:3677} INFO - Setting next_dagrun for example_xcom_args to None, run_after=None
[2024-02-15T11:36:23.527+0000] {logging_mixin.py:151} INFO - [2024-02-15T11:36:23.527+0000] {dag.py:3677} INFO - Setting next_dagrun for example_xcom_args_with_operators to None, run_after=None
[2024-02-15T11:36:23.535+0000] {processor.py:179} INFO - Processing /home/airflow/.local/lib/python3.8/site-packages/airflow/example_dags/example_xcomargs.py took 0.047 seconds
