[2024-02-15T11:35:22.746+0000] {processor.py:157} INFO - Started process (PID=69) to work on /home/airflow/.local/lib/python3.8/site-packages/airflow/example_dags/tutorial_dag.py
[2024-02-15T11:35:22.747+0000] {processor.py:829} INFO - Processing file /home/airflow/.local/lib/python3.8/site-packages/airflow/example_dags/tutorial_dag.py for tasks to queue
[2024-02-15T11:35:22.748+0000] {logging_mixin.py:151} INFO - [2024-02-15T11:35:22.748+0000] {dagbag.py:539} INFO - Filling up the DagBag from /home/airflow/.local/lib/python3.8/site-packages/airflow/example_dags/tutorial_dag.py
[2024-02-15T11:35:22.753+0000] {processor.py:839} INFO - DAG(s) dict_keys(['tutorial_dag']) retrieved from /home/airflow/.local/lib/python3.8/site-packages/airflow/example_dags/tutorial_dag.py
[2024-02-15T11:35:22.762+0000] {logging_mixin.py:151} INFO - [2024-02-15T11:35:22.762+0000] {dag.py:2907} INFO - Sync 1 DAGs
[2024-02-15T11:35:22.890+0000] {logging_mixin.py:151} INFO - [2024-02-15T11:35:22.890+0000] {dag.py:3677} INFO - Setting next_dagrun for tutorial_dag to None, run_after=None
[2024-02-15T11:35:22.918+0000] {processor.py:179} INFO - Processing /home/airflow/.local/lib/python3.8/site-packages/airflow/example_dags/tutorial_dag.py took 0.174 seconds
[2024-02-15T11:35:53.081+0000] {processor.py:157} INFO - Started process (PID=121) to work on /home/airflow/.local/lib/python3.8/site-packages/airflow/example_dags/tutorial_dag.py
[2024-02-15T11:35:53.083+0000] {processor.py:829} INFO - Processing file /home/airflow/.local/lib/python3.8/site-packages/airflow/example_dags/tutorial_dag.py for tasks to queue
[2024-02-15T11:35:53.085+0000] {logging_mixin.py:151} INFO - [2024-02-15T11:35:53.084+0000] {dagbag.py:539} INFO - Filling up the DagBag from /home/airflow/.local/lib/python3.8/site-packages/airflow/example_dags/tutorial_dag.py
[2024-02-15T11:35:53.089+0000] {processor.py:839} INFO - DAG(s) dict_keys(['tutorial_dag']) retrieved from /home/airflow/.local/lib/python3.8/site-packages/airflow/example_dags/tutorial_dag.py
[2024-02-15T11:35:53.113+0000] {logging_mixin.py:151} INFO - [2024-02-15T11:35:53.113+0000] {dag.py:2907} INFO - Sync 1 DAGs
[2024-02-15T11:35:53.122+0000] {logging_mixin.py:151} INFO - [2024-02-15T11:35:53.122+0000] {dag.py:3677} INFO - Setting next_dagrun for tutorial_dag to None, run_after=None
[2024-02-15T11:35:53.131+0000] {processor.py:179} INFO - Processing /home/airflow/.local/lib/python3.8/site-packages/airflow/example_dags/tutorial_dag.py took 0.053 seconds
[2024-02-15T11:36:23.388+0000] {processor.py:157} INFO - Started process (PID=174) to work on /home/airflow/.local/lib/python3.8/site-packages/airflow/example_dags/tutorial_dag.py
[2024-02-15T11:36:23.389+0000] {processor.py:829} INFO - Processing file /home/airflow/.local/lib/python3.8/site-packages/airflow/example_dags/tutorial_dag.py for tasks to queue
[2024-02-15T11:36:23.390+0000] {logging_mixin.py:151} INFO - [2024-02-15T11:36:23.390+0000] {dagbag.py:539} INFO - Filling up the DagBag from /home/airflow/.local/lib/python3.8/site-packages/airflow/example_dags/tutorial_dag.py
[2024-02-15T11:36:23.394+0000] {processor.py:839} INFO - DAG(s) dict_keys(['tutorial_dag']) retrieved from /home/airflow/.local/lib/python3.8/site-packages/airflow/example_dags/tutorial_dag.py
[2024-02-15T11:36:23.409+0000] {logging_mixin.py:151} INFO - [2024-02-15T11:36:23.409+0000] {dag.py:2907} INFO - Sync 1 DAGs
[2024-02-15T11:36:23.416+0000] {logging_mixin.py:151} INFO - [2024-02-15T11:36:23.416+0000] {dag.py:3677} INFO - Setting next_dagrun for tutorial_dag to None, run_after=None
[2024-02-15T11:36:23.424+0000] {processor.py:179} INFO - Processing /home/airflow/.local/lib/python3.8/site-packages/airflow/example_dags/tutorial_dag.py took 0.038 seconds
