[2024-02-15T11:35:22.197+0000] {processor.py:157} INFO - Started process (PID=62) to work on /home/airflow/.local/lib/python3.8/site-packages/airflow/example_dags/tutorial_taskflow_api.py
[2024-02-15T11:35:22.198+0000] {processor.py:829} INFO - Processing file /home/airflow/.local/lib/python3.8/site-packages/airflow/example_dags/tutorial_taskflow_api.py for tasks to queue
[2024-02-15T11:35:22.201+0000] {logging_mixin.py:151} INFO - [2024-02-15T11:35:22.200+0000] {dagbag.py:539} INFO - Filling up the DagBag from /home/airflow/.local/lib/python3.8/site-packages/airflow/example_dags/tutorial_taskflow_api.py
[2024-02-15T11:35:22.207+0000] {processor.py:839} INFO - DAG(s) dict_keys(['tutorial_taskflow_api']) retrieved from /home/airflow/.local/lib/python3.8/site-packages/airflow/example_dags/tutorial_taskflow_api.py
[2024-02-15T11:35:22.232+0000] {logging_mixin.py:151} INFO - [2024-02-15T11:35:22.232+0000] {dag.py:2907} INFO - Sync 1 DAGs
[2024-02-15T11:35:22.344+0000] {logging_mixin.py:151} INFO - [2024-02-15T11:35:22.344+0000] {dag.py:3677} INFO - Setting next_dagrun for tutorial_taskflow_api to None, run_after=None
[2024-02-15T11:35:22.354+0000] {processor.py:179} INFO - Processing /home/airflow/.local/lib/python3.8/site-packages/airflow/example_dags/tutorial_taskflow_api.py took 0.160 seconds
[2024-02-15T11:35:52.690+0000] {processor.py:157} INFO - Started process (PID=115) to work on /home/airflow/.local/lib/python3.8/site-packages/airflow/example_dags/tutorial_taskflow_api.py
[2024-02-15T11:35:52.703+0000] {processor.py:829} INFO - Processing file /home/airflow/.local/lib/python3.8/site-packages/airflow/example_dags/tutorial_taskflow_api.py for tasks to queue
[2024-02-15T11:35:52.706+0000] {logging_mixin.py:151} INFO - [2024-02-15T11:35:52.706+0000] {dagbag.py:539} INFO - Filling up the DagBag from /home/airflow/.local/lib/python3.8/site-packages/airflow/example_dags/tutorial_taskflow_api.py
[2024-02-15T11:35:52.716+0000] {processor.py:839} INFO - DAG(s) dict_keys(['tutorial_taskflow_api']) retrieved from /home/airflow/.local/lib/python3.8/site-packages/airflow/example_dags/tutorial_taskflow_api.py
[2024-02-15T11:35:52.762+0000] {logging_mixin.py:151} INFO - [2024-02-15T11:35:52.762+0000] {dag.py:2907} INFO - Sync 1 DAGs
[2024-02-15T11:35:52.779+0000] {logging_mixin.py:151} INFO - [2024-02-15T11:35:52.779+0000] {dag.py:3677} INFO - Setting next_dagrun for tutorial_taskflow_api to None, run_after=None
[2024-02-15T11:35:52.803+0000] {processor.py:179} INFO - Processing /home/airflow/.local/lib/python3.8/site-packages/airflow/example_dags/tutorial_taskflow_api.py took 0.116 seconds
[2024-02-15T11:36:23.184+0000] {processor.py:157} INFO - Started process (PID=168) to work on /home/airflow/.local/lib/python3.8/site-packages/airflow/example_dags/tutorial_taskflow_api.py
[2024-02-15T11:36:23.186+0000] {processor.py:829} INFO - Processing file /home/airflow/.local/lib/python3.8/site-packages/airflow/example_dags/tutorial_taskflow_api.py for tasks to queue
[2024-02-15T11:36:23.188+0000] {logging_mixin.py:151} INFO - [2024-02-15T11:36:23.187+0000] {dagbag.py:539} INFO - Filling up the DagBag from /home/airflow/.local/lib/python3.8/site-packages/airflow/example_dags/tutorial_taskflow_api.py
[2024-02-15T11:36:23.193+0000] {processor.py:839} INFO - DAG(s) dict_keys(['tutorial_taskflow_api']) retrieved from /home/airflow/.local/lib/python3.8/site-packages/airflow/example_dags/tutorial_taskflow_api.py
[2024-02-15T11:36:23.212+0000] {logging_mixin.py:151} INFO - [2024-02-15T11:36:23.212+0000] {dag.py:2907} INFO - Sync 1 DAGs
[2024-02-15T11:36:23.219+0000] {logging_mixin.py:151} INFO - [2024-02-15T11:36:23.219+0000] {dag.py:3677} INFO - Setting next_dagrun for tutorial_taskflow_api to None, run_after=None
[2024-02-15T11:36:23.229+0000] {processor.py:179} INFO - Processing /home/airflow/.local/lib/python3.8/site-packages/airflow/example_dags/tutorial_taskflow_api.py took 0.047 seconds
