[2024-02-15T13:17:14.320+0000] {taskinstance.py:1159} INFO - Dependencies all met for dep_context=non-requeueable deps ti=<TaskInstance: my_pipeline.get_data_from_bigc_and_makro manual__2024-02-15T13:17:12.823178+00:00 [queued]>
[2024-02-15T13:17:14.324+0000] {taskinstance.py:1159} INFO - Dependencies all met for dep_context=requeueable deps ti=<TaskInstance: my_pipeline.get_data_from_bigc_and_makro manual__2024-02-15T13:17:12.823178+00:00 [queued]>
[2024-02-15T13:17:14.325+0000] {taskinstance.py:1361} INFO - Starting attempt 1 of 1
[2024-02-15T13:17:14.331+0000] {taskinstance.py:1382} INFO - Executing <Task(_PythonDecoratedOperator): get_data_from_bigc_and_makro> on 2024-02-15 13:17:12.823178+00:00
[2024-02-15T13:17:14.334+0000] {standard_task_runner.py:57} INFO - Started process 1562 to run task
[2024-02-15T13:17:14.337+0000] {standard_task_runner.py:84} INFO - Running: ['***', 'tasks', 'run', 'my_pipeline', 'get_data_from_bigc_and_makro', 'manual__2024-02-15T13:17:12.823178+00:00', '--job-id', '14', '--raw', '--subdir', 'DAGS_FOLDER/my_pipeline.py', '--cfg-path', '/tmp/tmpubm0ir51']
[2024-02-15T13:17:14.339+0000] {standard_task_runner.py:85} INFO - Job 14: Subtask get_data_from_bigc_and_makro
[2024-02-15T13:17:14.373+0000] {task_command.py:415} INFO - Running <TaskInstance: my_pipeline.get_data_from_bigc_and_makro manual__2024-02-15T13:17:12.823178+00:00 [running]> on host c0165191c622
[2024-02-15T13:17:14.571+0000] {taskinstance.py:1660} INFO - Exporting env vars: AIRFLOW_CTX_DAG_OWNER='Admin' AIRFLOW_CTX_DAG_ID='my_pipeline' AIRFLOW_CTX_TASK_ID='get_data_from_bigc_and_makro' AIRFLOW_CTX_EXECUTION_DATE='2024-02-15T13:17:12.823178+00:00' AIRFLOW_CTX_TRY_NUMBER='1' AIRFLOW_CTX_DAG_RUN_ID='manual__2024-02-15T13:17:12.823178+00:00'
[2024-02-15T13:17:33.024+0000] {python.py:194} INFO - Done. Returned value was:            category  ...           time_stamp
0        vegetables  ...  2024-02-15 13:17:15
1        vegetables  ...  2024-02-15 13:17:15
2        vegetables  ...  2024-02-15 13:17:15
3        vegetables  ...  2024-02-15 13:17:15
4        vegetables  ...  2024-02-15 13:17:15
..              ...  ...                  ...
0   washing-machine  ...  2024-02-15 13:17:33
0   washing-machine  ...  2024-02-15 13:17:33
0   washing-machine  ...  2024-02-15 13:17:33
0   washing-machine  ...  2024-02-15 13:17:33
0   washing-machine  ...  2024-02-15 13:17:33

[684 rows x 7 columns]
[2024-02-15T13:17:33.088+0000] {taskinstance.py:1400} INFO - Marking task as SUCCESS. dag_id=my_pipeline, task_id=get_data_from_bigc_and_makro, execution_date=20240215T131712, start_date=20240215T131714, end_date=20240215T131733
[2024-02-15T13:17:33.141+0000] {local_task_job_runner.py:228} INFO - Task exited with return code 0
[2024-02-15T13:17:33.159+0000] {taskinstance.py:2784} INFO - 1 downstream tasks scheduled from follow-on schedule check
