[2024-02-15T13:20:00.130+0000] {taskinstance.py:1159} INFO - Dependencies all met for dep_context=non-requeueable deps ti=<TaskInstance: my_pipeline.get_data_from_bigc_and_makro manual__2024-02-15T13:19:59.215132+00:00 [queued]>
[2024-02-15T13:20:00.136+0000] {taskinstance.py:1159} INFO - Dependencies all met for dep_context=requeueable deps ti=<TaskInstance: my_pipeline.get_data_from_bigc_and_makro manual__2024-02-15T13:19:59.215132+00:00 [queued]>
[2024-02-15T13:20:00.137+0000] {taskinstance.py:1361} INFO - Starting attempt 1 of 1
[2024-02-15T13:20:00.144+0000] {taskinstance.py:1382} INFO - Executing <Task(_PythonDecoratedOperator): get_data_from_bigc_and_makro> on 2024-02-15 13:19:59.215132+00:00
[2024-02-15T13:20:00.152+0000] {standard_task_runner.py:57} INFO - Started process 1632 to run task
[2024-02-15T13:20:00.158+0000] {standard_task_runner.py:84} INFO - Running: ['***', 'tasks', 'run', 'my_pipeline', 'get_data_from_bigc_and_makro', 'manual__2024-02-15T13:19:59.215132+00:00', '--job-id', '18', '--raw', '--subdir', 'DAGS_FOLDER/my_pipeline.py', '--cfg-path', '/tmp/tmpjx0tl1y3']
[2024-02-15T13:20:00.169+0000] {standard_task_runner.py:85} INFO - Job 18: Subtask get_data_from_bigc_and_makro
[2024-02-15T13:20:00.214+0000] {task_command.py:415} INFO - Running <TaskInstance: my_pipeline.get_data_from_bigc_and_makro manual__2024-02-15T13:19:59.215132+00:00 [running]> on host c0165191c622
[2024-02-15T13:20:00.490+0000] {taskinstance.py:1660} INFO - Exporting env vars: AIRFLOW_CTX_DAG_OWNER='Admin' AIRFLOW_CTX_DAG_ID='my_pipeline' AIRFLOW_CTX_TASK_ID='get_data_from_bigc_and_makro' AIRFLOW_CTX_EXECUTION_DATE='2024-02-15T13:19:59.215132+00:00' AIRFLOW_CTX_TRY_NUMBER='1' AIRFLOW_CTX_DAG_RUN_ID='manual__2024-02-15T13:19:59.215132+00:00'
[2024-02-15T13:20:14.333+0000] {python.py:194} INFO - Done. Returned value was:            category  ...           time_stamp
0        vegetables  ...  2024-02-15 13:20:00
1        vegetables  ...  2024-02-15 13:20:00
2        vegetables  ...  2024-02-15 13:20:00
3        vegetables  ...  2024-02-15 13:20:00
4        vegetables  ...  2024-02-15 13:20:00
..              ...  ...                  ...
0   washing-machine  ...  2024-02-15 13:20:14
0   washing-machine  ...  2024-02-15 13:20:14
0   washing-machine  ...  2024-02-15 13:20:14
0   washing-machine  ...  2024-02-15 13:20:14
0   washing-machine  ...  2024-02-15 13:20:14

[684 rows x 7 columns]
[2024-02-15T13:20:14.391+0000] {taskinstance.py:1400} INFO - Marking task as SUCCESS. dag_id=my_pipeline, task_id=get_data_from_bigc_and_makro, execution_date=20240215T131959, start_date=20240215T132000, end_date=20240215T132014
[2024-02-15T13:20:14.455+0000] {local_task_job_runner.py:228} INFO - Task exited with return code 0
[2024-02-15T13:20:14.479+0000] {taskinstance.py:2784} INFO - 1 downstream tasks scheduled from follow-on schedule check
