[2024-02-15T13:07:16.534+0000] {taskinstance.py:1159} INFO - Dependencies all met for dep_context=non-requeueable deps ti=<TaskInstance: my_pipeline.get_data_from_bigc_and_makro manual__2024-02-15T13:07:15.606835+00:00 [queued]>
[2024-02-15T13:07:16.539+0000] {taskinstance.py:1159} INFO - Dependencies all met for dep_context=requeueable deps ti=<TaskInstance: my_pipeline.get_data_from_bigc_and_makro manual__2024-02-15T13:07:15.606835+00:00 [queued]>
[2024-02-15T13:07:16.539+0000] {taskinstance.py:1361} INFO - Starting attempt 1 of 1
[2024-02-15T13:07:16.545+0000] {taskinstance.py:1382} INFO - Executing <Task(_PythonDecoratedOperator): get_data_from_bigc_and_makro> on 2024-02-15 13:07:15.606835+00:00
[2024-02-15T13:07:16.548+0000] {standard_task_runner.py:57} INFO - Started process 1398 to run task
[2024-02-15T13:07:16.552+0000] {standard_task_runner.py:84} INFO - Running: ['***', 'tasks', 'run', 'my_pipeline', 'get_data_from_bigc_and_makro', 'manual__2024-02-15T13:07:15.606835+00:00', '--job-id', '12', '--raw', '--subdir', 'DAGS_FOLDER/my_pipeline.py', '--cfg-path', '/tmp/tmpncmut8tu']
[2024-02-15T13:07:16.555+0000] {standard_task_runner.py:85} INFO - Job 12: Subtask get_data_from_bigc_and_makro
[2024-02-15T13:07:16.586+0000] {task_command.py:415} INFO - Running <TaskInstance: my_pipeline.get_data_from_bigc_and_makro manual__2024-02-15T13:07:15.606835+00:00 [running]> on host c0165191c622
[2024-02-15T13:07:16.806+0000] {taskinstance.py:1660} INFO - Exporting env vars: AIRFLOW_CTX_DAG_OWNER='Admin' AIRFLOW_CTX_DAG_ID='my_pipeline' AIRFLOW_CTX_TASK_ID='get_data_from_bigc_and_makro' AIRFLOW_CTX_EXECUTION_DATE='2024-02-15T13:07:15.606835+00:00' AIRFLOW_CTX_TRY_NUMBER='1' AIRFLOW_CTX_DAG_RUN_ID='manual__2024-02-15T13:07:15.606835+00:00'
[2024-02-15T13:07:32.449+0000] {python.py:194} INFO - Done. Returned value was:            category  ...           time_stamp
0        vegetables  ...  2024-02-15 13:07:17
1        vegetables  ...  2024-02-15 13:07:17
2        vegetables  ...  2024-02-15 13:07:17
3        vegetables  ...  2024-02-15 13:07:17
4        vegetables  ...  2024-02-15 13:07:17
..              ...  ...                  ...
0   washing-machine  ...  2024-02-15 13:07:32
0   washing-machine  ...  2024-02-15 13:07:32
0   washing-machine  ...  2024-02-15 13:07:32
0   washing-machine  ...  2024-02-15 13:07:32
0   washing-machine  ...  2024-02-15 13:07:32

[684 rows x 7 columns]
[2024-02-15T13:07:32.631+0000] {taskinstance.py:1400} INFO - Marking task as SUCCESS. dag_id=my_pipeline, task_id=get_data_from_bigc_and_makro, execution_date=20240215T130715, start_date=20240215T130716, end_date=20240215T130732
[2024-02-15T13:07:32.691+0000] {local_task_job_runner.py:228} INFO - Task exited with return code 0
[2024-02-15T13:07:32.704+0000] {taskinstance.py:2784} INFO - 1 downstream tasks scheduled from follow-on schedule check
