[2024-02-16T01:58:38.548+0000] {taskinstance.py:1159} INFO - Dependencies all met for dep_context=non-requeueable deps ti=<TaskInstance: my_pipeline.get_data_from_bigc_and_makro manual__2024-02-16T01:58:36.994735+00:00 [queued]>
[2024-02-16T01:58:38.552+0000] {taskinstance.py:1159} INFO - Dependencies all met for dep_context=requeueable deps ti=<TaskInstance: my_pipeline.get_data_from_bigc_and_makro manual__2024-02-16T01:58:36.994735+00:00 [queued]>
[2024-02-16T01:58:38.553+0000] {taskinstance.py:1361} INFO - Starting attempt 1 of 1
[2024-02-16T01:58:38.559+0000] {taskinstance.py:1382} INFO - Executing <Task(_PythonDecoratedOperator): get_data_from_bigc_and_makro> on 2024-02-16 01:58:36.994735+00:00
[2024-02-16T01:58:38.562+0000] {standard_task_runner.py:57} INFO - Started process 667 to run task
[2024-02-16T01:58:38.565+0000] {standard_task_runner.py:84} INFO - Running: ['***', 'tasks', 'run', 'my_pipeline', 'get_data_from_bigc_and_makro', 'manual__2024-02-16T01:58:36.994735+00:00', '--job-id', '26', '--raw', '--subdir', 'DAGS_FOLDER/my_pipeline.py', '--cfg-path', '/tmp/tmp6w2n5ffx']
[2024-02-16T01:58:38.567+0000] {standard_task_runner.py:85} INFO - Job 26: Subtask get_data_from_bigc_and_makro
[2024-02-16T01:58:38.595+0000] {task_command.py:415} INFO - Running <TaskInstance: my_pipeline.get_data_from_bigc_and_makro manual__2024-02-16T01:58:36.994735+00:00 [running]> on host 0e83cf49a350
[2024-02-16T01:58:38.637+0000] {taskinstance.py:1660} INFO - Exporting env vars: AIRFLOW_CTX_DAG_OWNER='Admin' AIRFLOW_CTX_DAG_ID='my_pipeline' AIRFLOW_CTX_TASK_ID='get_data_from_bigc_and_makro' AIRFLOW_CTX_EXECUTION_DATE='2024-02-16T01:58:36.994735+00:00' AIRFLOW_CTX_TRY_NUMBER='1' AIRFLOW_CTX_DAG_RUN_ID='manual__2024-02-16T01:58:36.994735+00:00'
[2024-02-16T01:58:57.265+0000] {python.py:194} INFO - Done. Returned value was:            category  ...           time_stamp
0        vegetables  ...  2024-02-16 01:58:39
1        vegetables  ...  2024-02-16 01:58:39
2        vegetables  ...  2024-02-16 01:58:39
3        vegetables  ...  2024-02-16 01:58:39
4        vegetables  ...  2024-02-16 01:58:39
..              ...  ...                  ...
0   washing-machine  ...  2024-02-16 01:58:57
0   washing-machine  ...  2024-02-16 01:58:57
0   washing-machine  ...  2024-02-16 01:58:57
0   washing-machine  ...  2024-02-16 01:58:57
0   washing-machine  ...  2024-02-16 01:58:57

[684 rows x 7 columns]
[2024-02-16T01:58:57.390+0000] {taskinstance.py:1400} INFO - Marking task as SUCCESS. dag_id=my_pipeline, task_id=get_data_from_bigc_and_makro, execution_date=20240216T015836, start_date=20240216T015838, end_date=20240216T015857
[2024-02-16T01:58:57.427+0000] {local_task_job_runner.py:228} INFO - Task exited with return code 0
[2024-02-16T01:58:57.451+0000] {taskinstance.py:2784} INFO - 1 downstream tasks scheduled from follow-on schedule check
