[2024-02-15T13:20:57.697+0000] {taskinstance.py:1159} INFO - Dependencies all met for dep_context=non-requeueable deps ti=<TaskInstance: my_pipeline.get_data_from_bigc_and_makro manual__2024-02-15T13:20:56.498512+00:00 [queued]>
[2024-02-15T13:20:57.701+0000] {taskinstance.py:1159} INFO - Dependencies all met for dep_context=requeueable deps ti=<TaskInstance: my_pipeline.get_data_from_bigc_and_makro manual__2024-02-15T13:20:56.498512+00:00 [queued]>
[2024-02-15T13:20:57.702+0000] {taskinstance.py:1361} INFO - Starting attempt 1 of 1
[2024-02-15T13:20:57.708+0000] {taskinstance.py:1382} INFO - Executing <Task(_PythonDecoratedOperator): get_data_from_bigc_and_makro> on 2024-02-15 13:20:56.498512+00:00
[2024-02-15T13:20:57.713+0000] {standard_task_runner.py:57} INFO - Started process 1663 to run task
[2024-02-15T13:20:57.716+0000] {standard_task_runner.py:84} INFO - Running: ['***', 'tasks', 'run', 'my_pipeline', 'get_data_from_bigc_and_makro', 'manual__2024-02-15T13:20:56.498512+00:00', '--job-id', '20', '--raw', '--subdir', 'DAGS_FOLDER/my_pipeline.py', '--cfg-path', '/tmp/tmpqs59gr3v']
[2024-02-15T13:20:57.719+0000] {standard_task_runner.py:85} INFO - Job 20: Subtask get_data_from_bigc_and_makro
[2024-02-15T13:20:57.753+0000] {task_command.py:415} INFO - Running <TaskInstance: my_pipeline.get_data_from_bigc_and_makro manual__2024-02-15T13:20:56.498512+00:00 [running]> on host c0165191c622
[2024-02-15T13:20:57.988+0000] {taskinstance.py:1660} INFO - Exporting env vars: AIRFLOW_CTX_DAG_OWNER='Admin' AIRFLOW_CTX_DAG_ID='my_pipeline' AIRFLOW_CTX_TASK_ID='get_data_from_bigc_and_makro' AIRFLOW_CTX_EXECUTION_DATE='2024-02-15T13:20:56.498512+00:00' AIRFLOW_CTX_TRY_NUMBER='1' AIRFLOW_CTX_DAG_RUN_ID='manual__2024-02-15T13:20:56.498512+00:00'
[2024-02-15T13:21:14.713+0000] {python.py:194} INFO - Done. Returned value was:            category  ...           time_stamp
0        vegetables  ...  2024-02-15 13:20:58
1        vegetables  ...  2024-02-15 13:20:58
2        vegetables  ...  2024-02-15 13:20:58
3        vegetables  ...  2024-02-15 13:20:58
4        vegetables  ...  2024-02-15 13:20:58
..              ...  ...                  ...
0   washing-machine  ...  2024-02-15 13:21:14
0   washing-machine  ...  2024-02-15 13:21:14
0   washing-machine  ...  2024-02-15 13:21:14
0   washing-machine  ...  2024-02-15 13:21:14
0   washing-machine  ...  2024-02-15 13:21:14

[684 rows x 7 columns]
[2024-02-15T13:21:14.770+0000] {taskinstance.py:1400} INFO - Marking task as SUCCESS. dag_id=my_pipeline, task_id=get_data_from_bigc_and_makro, execution_date=20240215T132056, start_date=20240215T132057, end_date=20240215T132114
[2024-02-15T13:21:14.809+0000] {local_task_job_runner.py:228} INFO - Task exited with return code 0
[2024-02-15T13:21:14.823+0000] {taskinstance.py:2784} INFO - 1 downstream tasks scheduled from follow-on schedule check
